[2J[HCONTAINER ID   NAME      CPU %     MEM USAGE / LIMIT    MEM %     NET I/O         BLOCK I/O    PIDS
bc0d0ca910c6   gnodeb    0.00%     2.02MiB / 17.15GiB   0.01%     107kB / 146kB   0B / 4.1kB   12
[2J[HCONTAINER ID   NAME      CPU %     MEM USAGE / LIMIT    MEM %     NET I/O         BLOCK I/O    PIDS
bc0d0ca910c6   gnodeb    0.00%     2.02MiB / 17.15GiB   0.01%     107kB / 146kB   0B / 4.1kB   12
[2J[HCONTAINER ID   NAME      CPU %     MEM USAGE / LIMIT    MEM %     NET I/O         BLOCK I/O    PIDS
bc0d0ca910c6   gnodeb    0.13%     2.02MiB / 17.15GiB   0.01%     108kB / 150kB   0B / 4.1kB   12
[2J[HCONTAINER ID   NAME      CPU %     MEM USAGE / LIMIT    MEM %     NET I/O         BLOCK I/O    PIDS
bc0d0ca910c6   gnodeb    0.13%     2.02MiB / 17.15GiB   0.01%     108kB / 150kB   0B / 4.1kB   12
[2J[HCONTAINER ID   NAME      CPU %     MEM USAGE / LIMIT     MEM %     NET I/O           BLOCK I/O    PIDS
bc0d0ca910c6   gnodeb    95.71%    2.859MiB / 17.15GiB   0.02%     50.9MB / 47.1MB   0B / 4.1kB   12
[2J[HCONTAINER ID   NAME      CPU %     MEM USAGE / LIMIT     MEM %     NET I/O           BLOCK I/O    PIDS
bc0d0ca910c6   gnodeb    95.71%    2.859MiB / 17.15GiB   0.02%     50.9MB / 47.1MB   0B / 4.1kB   12
[2J[HCONTAINER ID   NAME      CPU %     MEM USAGE / LIMIT     MEM %     NET I/O           BLOCK I/O    PIDS
bc0d0ca910c6   gnodeb    48.45%    2.766MiB / 17.15GiB   0.02%     79.6MB / 72.8MB   0B / 4.1kB   12
[2J[HCONTAINER ID   NAME      CPU %     MEM USAGE / LIMIT     MEM %     NET I/O           BLOCK I/O    PIDS
bc0d0ca910c6   gnodeb    48.45%    2.766MiB / 17.15GiB   0.02%     79.6MB / 72.8MB   0B / 4.1kB   12
[2J[HCONTAINER ID   NAME      CPU %     MEM USAGE / LIMIT     MEM %     NET I/O         BLOCK I/O    PIDS
bc0d0ca910c6   gnodeb    53.77%    2.688MiB / 17.15GiB   0.02%     112MB / 102MB   0B / 4.1kB   12
[2J[HCONTAINER ID   NAME      CPU %     MEM USAGE / LIMIT     MEM %     NET I/O         BLOCK I/O    PIDS
bc0d0ca910c6   gnodeb    53.77%    2.688MiB / 17.15GiB   0.02%     112MB / 102MB   0B / 4.1kB   12
[2J[HCONTAINER ID   NAME      CPU %     MEM USAGE / LIMIT     MEM %     NET I/O         BLOCK I/O    PIDS
bc0d0ca910c6   gnodeb    53.35%    2.785MiB / 17.15GiB   0.02%     143MB / 131MB   0B / 4.1kB   12
[2J[HCONTAINER ID   NAME      CPU %     MEM USAGE / LIMIT     MEM %     NET I/O         BLOCK I/O    PIDS
bc0d0ca910c6   gnodeb    53.35%    2.785MiB / 17.15GiB   0.02%     143MB / 131MB   0B / 4.1kB   12
[2J[HCONTAINER ID   NAME      CPU %     MEM USAGE / LIMIT    MEM %     NET I/O         BLOCK I/O    PIDS
bc0d0ca910c6   gnodeb    45.16%    2.84MiB / 17.15GiB   0.02%     170MB / 155MB   0B / 4.1kB   12
[2J[HCONTAINER ID   NAME      CPU %     MEM USAGE / LIMIT    MEM %     NET I/O         BLOCK I/O    PIDS
bc0d0ca910c6   gnodeb    45.16%    2.84MiB / 17.15GiB   0.02%     170MB / 155MB   0B / 4.1kB   12
[2J[HCONTAINER ID   NAME      CPU %     MEM USAGE / LIMIT     MEM %     NET I/O         BLOCK I/O    PIDS
bc0d0ca910c6   gnodeb    46.97%    2.781MiB / 17.15GiB   0.02%     199MB / 181MB   0B / 4.1kB   12
[2J[HCONTAINER ID   NAME      CPU %     MEM USAGE / LIMIT     MEM %     NET I/O         BLOCK I/O    PIDS
bc0d0ca910c6   gnodeb    46.97%    2.781MiB / 17.15GiB   0.02%     199MB / 181MB   0B / 4.1kB   12
[2J[HCONTAINER ID   NAME      CPU %     MEM USAGE / LIMIT     MEM %     NET I/O         BLOCK I/O    PIDS
bc0d0ca910c6   gnodeb    54.11%    2.809MiB / 17.15GiB   0.02%     232MB / 210MB   0B / 4.1kB   12
[2J[HCONTAINER ID   NAME      CPU %     MEM USAGE / LIMIT     MEM %     NET I/O         BLOCK I/O    PIDS
bc0d0ca910c6   gnodeb    54.11%    2.809MiB / 17.15GiB   0.02%     232MB / 210MB   0B / 4.1kB   12
[2J[HCONTAINER ID   NAME      CPU %     MEM USAGE / LIMIT     MEM %     NET I/O         BLOCK I/O    PIDS
bc0d0ca910c6   gnodeb    53.48%    2.648MiB / 17.15GiB   0.02%     264MB / 239MB   0B / 4.1kB   12
[2J[HCONTAINER ID   NAME      CPU %     MEM USAGE / LIMIT     MEM %     NET I/O         BLOCK I/O    PIDS
bc0d0ca910c6   gnodeb    53.48%    2.648MiB / 17.15GiB   0.02%     264MB / 239MB   0B / 4.1kB   12
[2J[HCONTAINER ID   NAME      CPU %     MEM USAGE / LIMIT     MEM %     NET I/O         BLOCK I/O    PIDS
bc0d0ca910c6   gnodeb    46.57%    2.797MiB / 17.15GiB   0.02%     292MB / 264MB   0B / 4.1kB   12
[2J[HCONTAINER ID   NAME      CPU %     MEM USAGE / LIMIT     MEM %     NET I/O         BLOCK I/O    PIDS
bc0d0ca910c6   gnodeb    46.57%    2.797MiB / 17.15GiB   0.02%     292MB / 264MB   0B / 4.1kB   12
[2J[HCONTAINER ID   NAME      CPU %     MEM USAGE / LIMIT     MEM %     NET I/O         BLOCK I/O    PIDS
bc0d0ca910c6   gnodeb    46.14%    2.555MiB / 17.15GiB   0.01%     320MB / 290MB   0B / 4.1kB   12
[2J[HCONTAINER ID   NAME      CPU %     MEM USAGE / LIMIT     MEM %     NET I/O         BLOCK I/O    PIDS
bc0d0ca910c6   gnodeb    46.14%    2.555MiB / 17.15GiB   0.01%     320MB / 290MB   0B / 4.1kB   12
[2J[HCONTAINER ID   NAME      CPU %     MEM USAGE / LIMIT     MEM %     NET I/O         BLOCK I/O    PIDS
bc0d0ca910c6   gnodeb    167.49%   2.969MiB / 17.15GiB   0.02%     403MB / 370MB   0B / 4.1kB   12
[2J[HCONTAINER ID   NAME      CPU %     MEM USAGE / LIMIT     MEM %     NET I/O         BLOCK I/O    PIDS
bc0d0ca910c6   gnodeb    167.49%   2.969MiB / 17.15GiB   0.02%     403MB / 370MB   0B / 4.1kB   12
[2J[HCONTAINER ID   NAME      CPU %     MEM USAGE / LIMIT     MEM %     NET I/O         BLOCK I/O    PIDS
bc0d0ca910c6   gnodeb    104.01%   2.945MiB / 17.15GiB   0.02%     462MB / 425MB   0B / 4.1kB   12
[2J[HCONTAINER ID   NAME      CPU %     MEM USAGE / LIMIT     MEM %     NET I/O         BLOCK I/O    PIDS
bc0d0ca910c6   gnodeb    104.01%   2.945MiB / 17.15GiB   0.02%     462MB / 425MB   0B / 4.1kB   12
[2J[HCONTAINER ID   NAME      CPU %     MEM USAGE / LIMIT     MEM %     NET I/O         BLOCK I/O    PIDS
bc0d0ca910c6   gnodeb    89.02%    2.926MiB / 17.15GiB   0.02%     514MB / 474MB   0B / 4.1kB   12
[2J[HCONTAINER ID   NAME      CPU %     MEM USAGE / LIMIT     MEM %     NET I/O         BLOCK I/O    PIDS
bc0d0ca910c6   gnodeb    89.02%    2.926MiB / 17.15GiB   0.02%     514MB / 474MB   0B / 4.1kB   12
[2J[HCONTAINER ID   NAME      CPU %     MEM USAGE / LIMIT     MEM %     NET I/O         BLOCK I/O    PIDS
bc0d0ca910c6   gnodeb    111.45%   2.902MiB / 17.15GiB   0.02%     578MB / 532MB   0B / 4.1kB   12
[2J[HCONTAINER ID   NAME      CPU %     MEM USAGE / LIMIT     MEM %     NET I/O         BLOCK I/O    PIDS
bc0d0ca910c6   gnodeb    111.45%   2.902MiB / 17.15GiB   0.02%     578MB / 532MB   0B / 4.1kB   12
[2J[HCONTAINER ID   NAME      CPU %     MEM USAGE / LIMIT     MEM %     NET I/O         BLOCK I/O    PIDS
bc0d0ca910c6   gnodeb    100.43%   2.832MiB / 17.15GiB   0.02%     636MB / 585MB   0B / 4.1kB   12
[2J[HCONTAINER ID   NAME      CPU %     MEM USAGE / LIMIT     MEM %     NET I/O         BLOCK I/O    PIDS
bc0d0ca910c6   gnodeb    100.43%   2.832MiB / 17.15GiB   0.02%     636MB / 585MB   0B / 4.1kB   12
[2J[HCONTAINER ID   NAME      CPU %     MEM USAGE / LIMIT     MEM %     NET I/O         BLOCK I/O    PIDS
bc0d0ca910c6   gnodeb    103.90%   2.812MiB / 17.15GiB   0.02%     696MB / 640MB   0B / 4.1kB   12
[2J[HCONTAINER ID   NAME      CPU %     MEM USAGE / LIMIT     MEM %     NET I/O         BLOCK I/O    PIDS
bc0d0ca910c6   gnodeb    103.90%   2.812MiB / 17.15GiB   0.02%     696MB / 640MB   0B / 4.1kB   12
[2J[HCONTAINER ID   NAME      CPU %     MEM USAGE / LIMIT     MEM %     NET I/O         BLOCK I/O    PIDS
bc0d0ca910c6   gnodeb    101.29%   2.945MiB / 17.15GiB   0.02%     754MB / 691MB   0B / 4.1kB   12
[2J[HCONTAINER ID   NAME      CPU %     MEM USAGE / LIMIT     MEM %     NET I/O         BLOCK I/O    PIDS
bc0d0ca910c6   gnodeb    101.29%   2.945MiB / 17.15GiB   0.02%     754MB / 691MB   0B / 4.1kB   12
[2J[HCONTAINER ID   NAME      CPU %     MEM USAGE / LIMIT     MEM %     NET I/O         BLOCK I/O    PIDS
bc0d0ca910c6   gnodeb    106.35%   2.969MiB / 17.15GiB   0.02%     816MB / 750MB   0B / 4.1kB   12
[2J[HCONTAINER ID   NAME      CPU %     MEM USAGE / LIMIT     MEM %     NET I/O         BLOCK I/O    PIDS
bc0d0ca910c6   gnodeb    106.35%   2.969MiB / 17.15GiB   0.02%     816MB / 750MB   0B / 4.1kB   12
[2J[HCONTAINER ID   NAME      CPU %     MEM USAGE / LIMIT     MEM %     NET I/O         BLOCK I/O    PIDS
bc0d0ca910c6   gnodeb    97.88%    2.789MiB / 17.15GiB   0.02%     872MB / 801MB   0B / 4.1kB   12
[2J[HCONTAINER ID   NAME      CPU %     MEM USAGE / LIMIT     MEM %     NET I/O         BLOCK I/O    PIDS
bc0d0ca910c6   gnodeb    97.88%    2.789MiB / 17.15GiB   0.02%     872MB / 801MB   0B / 4.1kB   12
[2J[HCONTAINER ID   NAME      CPU %     MEM USAGE / LIMIT     MEM %     NET I/O         BLOCK I/O    PIDS
bc0d0ca910c6   gnodeb    100.53%   3.094MiB / 17.15GiB   0.02%     930MB / 855MB   0B / 4.1kB   12
[2J[HCONTAINER ID   NAME      CPU %     MEM USAGE / LIMIT     MEM %     NET I/O         BLOCK I/O    PIDS
bc0d0ca910c6   gnodeb    100.53%   3.094MiB / 17.15GiB   0.02%     930MB / 855MB   0B / 4.1kB   12
[2J[HCONTAINER ID   NAME      CPU %     MEM USAGE / LIMIT     MEM %     NET I/O          BLOCK I/O    PIDS
bc0d0ca910c6   gnodeb    241.33%   3.309MiB / 17.15GiB   0.02%     1.04GB / 965MB   0B / 4.1kB   12
[2J[HCONTAINER ID   NAME      CPU %     MEM USAGE / LIMIT     MEM %     NET I/O          BLOCK I/O    PIDS
bc0d0ca910c6   gnodeb    241.33%   3.309MiB / 17.15GiB   0.02%     1.04GB / 965MB   0B / 4.1kB   12
[2J[HCONTAINER ID   NAME      CPU %     MEM USAGE / LIMIT     MEM %     NET I/O           BLOCK I/O    PIDS
bc0d0ca910c6   gnodeb    155.65%   2.875MiB / 17.15GiB   0.02%     1.12GB / 1.04GB   0B / 4.1kB   12
[2J[HCONTAINER ID   NAME      CPU %     MEM USAGE / LIMIT     MEM %     NET I/O           BLOCK I/O    PIDS
bc0d0ca910c6   gnodeb    155.65%   2.875MiB / 17.15GiB   0.02%     1.12GB / 1.04GB   0B / 4.1kB   12
[2J[HCONTAINER ID   NAME      CPU %     MEM USAGE / LIMIT     MEM %     NET I/O           BLOCK I/O    PIDS
bc0d0ca910c6   gnodeb    196.12%   3.277MiB / 17.15GiB   0.02%     1.21GB / 1.13GB   0B / 4.1kB   12
[2J[HCONTAINER ID   NAME      CPU %     MEM USAGE / LIMIT     MEM %     NET I/O           BLOCK I/O    PIDS
bc0d0ca910c6   gnodeb    196.12%   3.277MiB / 17.15GiB   0.02%     1.21GB / 1.13GB   0B / 4.1kB   12
[2J[HCONTAINER ID   NAME      CPU %     MEM USAGE / LIMIT     MEM %     NET I/O          BLOCK I/O    PIDS
bc0d0ca910c6   gnodeb    178.94%   3.266MiB / 17.15GiB   0.02%     1.3GB / 1.21GB   0B / 4.1kB   12
[2J[HCONTAINER ID   NAME      CPU %     MEM USAGE / LIMIT     MEM %     NET I/O          BLOCK I/O    PIDS
bc0d0ca910c6   gnodeb    178.94%   3.266MiB / 17.15GiB   0.02%     1.3GB / 1.21GB   0B / 4.1kB   12
[2J[HCONTAINER ID   NAME      CPU %     MEM USAGE / LIMIT     MEM %     NET I/O           BLOCK I/O    PIDS
bc0d0ca910c6   gnodeb    165.34%   3.258MiB / 17.15GiB   0.02%     1.38GB / 1.29GB   0B / 4.1kB   12
[2J[HCONTAINER ID   NAME      CPU %     MEM USAGE / LIMIT     MEM %     NET I/O           BLOCK I/O    PIDS
bc0d0ca910c6   gnodeb    165.34%   3.258MiB / 17.15GiB   0.02%     1.38GB / 1.29GB   0B / 4.1kB   12
[2J[HCONTAINER ID   NAME      CPU %     MEM USAGE / LIMIT     MEM %     NET I/O           BLOCK I/O    PIDS
bc0d0ca910c6   gnodeb    178.52%   2.836MiB / 17.15GiB   0.02%     1.47GB / 1.37GB   0B / 4.1kB   12
[2J[HCONTAINER ID   NAME      CPU %     MEM USAGE / LIMIT     MEM %     NET I/O           BLOCK I/O    PIDS
bc0d0ca910c6   gnodeb    178.52%   2.836MiB / 17.15GiB   0.02%     1.47GB / 1.37GB   0B / 4.1kB   12
[2J[HCONTAINER ID   NAME      CPU %     MEM USAGE / LIMIT     MEM %     NET I/O           BLOCK I/O    PIDS
bc0d0ca910c6   gnodeb    160.74%   3.012MiB / 17.15GiB   0.02%     1.55GB / 1.45GB   0B / 4.1kB   12
[2J[HCONTAINER ID   NAME      CPU %     MEM USAGE / LIMIT     MEM %     NET I/O           BLOCK I/O    PIDS
bc0d0ca910c6   gnodeb    160.74%   3.012MiB / 17.15GiB   0.02%     1.55GB / 1.45GB   0B / 4.1kB   12
[2J[HCONTAINER ID   NAME      CPU %     MEM USAGE / LIMIT     MEM %     NET I/O           BLOCK I/O    PIDS
bc0d0ca910c6   gnodeb    182.08%   2.828MiB / 17.15GiB   0.02%     1.64GB / 1.54GB   0B / 4.1kB   12
[2J[HCONTAINER ID   NAME      CPU %     MEM USAGE / LIMIT     MEM %     NET I/O           BLOCK I/O    PIDS
bc0d0ca910c6   gnodeb    182.08%   2.828MiB / 17.15GiB   0.02%     1.64GB / 1.54GB   0B / 4.1kB   12
[2J[HCONTAINER ID   NAME      CPU %     MEM USAGE / LIMIT     MEM %     NET I/O           BLOCK I/O    PIDS
bc0d0ca910c6   gnodeb    178.03%   3.012MiB / 17.15GiB   0.02%     1.72GB / 1.62GB   0B / 4.1kB   12
[2J[HCONTAINER ID   NAME      CPU %     MEM USAGE / LIMIT     MEM %     NET I/O           BLOCK I/O    PIDS
bc0d0ca910c6   gnodeb    178.03%   3.012MiB / 17.15GiB   0.02%     1.72GB / 1.62GB   0B / 4.1kB   12
[2J[HCONTAINER ID   NAME      CPU %     MEM USAGE / LIMIT     MEM %     NET I/O          BLOCK I/O    PIDS
bc0d0ca910c6   gnodeb    166.50%   2.949MiB / 17.15GiB   0.02%     1.81GB / 1.7GB   0B / 4.1kB   12
[2J[HCONTAINER ID   NAME      CPU %     MEM USAGE / LIMIT     MEM %     NET I/O          BLOCK I/O    PIDS
bc0d0ca910c6   gnodeb    166.50%   2.949MiB / 17.15GiB   0.02%     1.81GB / 1.7GB   0B / 4.1kB   12
[2J[HCONTAINER ID   NAME      CPU %     MEM USAGE / LIMIT     MEM %     NET I/O          BLOCK I/O    PIDS
bc0d0ca910c6   gnodeb    225.08%   2.801MiB / 17.15GiB   0.02%     1.91GB / 1.8GB   0B / 4.1kB   12
[2J[HCONTAINER ID   NAME      CPU %     MEM USAGE / LIMIT     MEM %     NET I/O          BLOCK I/O    PIDS
bc0d0ca910c6   gnodeb    225.08%   2.801MiB / 17.15GiB   0.02%     1.91GB / 1.8GB   0B / 4.1kB   12
[2J[HCONTAINER ID   NAME      CPU %     MEM USAGE / LIMIT     MEM %     NET I/O           BLOCK I/O    PIDS
bc0d0ca910c6   gnodeb    233.78%   3.133MiB / 17.15GiB   0.02%     2.02GB / 1.91GB   0B / 4.1kB   12
[2J[HCONTAINER ID   NAME      CPU %     MEM USAGE / LIMIT     MEM %     NET I/O           BLOCK I/O    PIDS
bc0d0ca910c6   gnodeb    233.78%   3.133MiB / 17.15GiB   0.02%     2.02GB / 1.91GB   0B / 4.1kB   12
[2J[HCONTAINER ID   NAME      CPU %     MEM USAGE / LIMIT     MEM %     NET I/O           BLOCK I/O    PIDS
bc0d0ca910c6   gnodeb    230.13%   2.949MiB / 17.15GiB   0.02%     2.13GB / 2.02GB   0B / 4.1kB   12
[2J[HCONTAINER ID   NAME      CPU %     MEM USAGE / LIMIT     MEM %     NET I/O           BLOCK I/O    PIDS
bc0d0ca910c6   gnodeb    230.13%   2.949MiB / 17.15GiB   0.02%     2.13GB / 2.02GB   0B / 4.1kB   12
[2J[HCONTAINER ID   NAME      CPU %     MEM USAGE / LIMIT     MEM %     NET I/O           BLOCK I/O    PIDS
bc0d0ca910c6   gnodeb    227.37%   3.195MiB / 17.15GiB   0.02%     2.24GB / 2.13GB   0B / 4.1kB   12
[2J[HCONTAINER ID   NAME      CPU %     MEM USAGE / LIMIT     MEM %     NET I/O           BLOCK I/O    PIDS
bc0d0ca910c6   gnodeb    227.37%   3.195MiB / 17.15GiB   0.02%     2.24GB / 2.13GB   0B / 4.1kB   12
[2J[HCONTAINER ID   NAME      CPU %     MEM USAGE / LIMIT     MEM %     NET I/O           BLOCK I/O    PIDS
bc0d0ca910c6   gnodeb    234.78%   2.949MiB / 17.15GiB   0.02%     2.35GB / 2.23GB   0B / 4.1kB   12
[2J[HCONTAINER ID   NAME      CPU %     MEM USAGE / LIMIT     MEM %     NET I/O           BLOCK I/O    PIDS
bc0d0ca910c6   gnodeb    234.78%   2.949MiB / 17.15GiB   0.02%     2.35GB / 2.23GB   0B / 4.1kB   12
[2J[HCONTAINER ID   NAME      CPU %     MEM USAGE / LIMIT     MEM %     NET I/O           BLOCK I/O    PIDS
bc0d0ca910c6   gnodeb    234.40%   2.871MiB / 17.15GiB   0.02%     2.46GB / 2.34GB   0B / 4.1kB   12
[2J[HCONTAINER ID   NAME      CPU %     MEM USAGE / LIMIT     MEM %     NET I/O           BLOCK I/O    PIDS
bc0d0ca910c6   gnodeb    234.40%   2.871MiB / 17.15GiB   0.02%     2.46GB / 2.34GB   0B / 4.1kB   12
[2J[HCONTAINER ID   NAME      CPU %     MEM USAGE / LIMIT     MEM %     NET I/O           BLOCK I/O    PIDS
bc0d0ca910c6   gnodeb    234.82%   3.211MiB / 17.15GiB   0.02%     2.56GB / 2.45GB   0B / 4.1kB   12
[2J[HCONTAINER ID   NAME      CPU %     MEM USAGE / LIMIT     MEM %     NET I/O           BLOCK I/O    PIDS
bc0d0ca910c6   gnodeb    234.82%   3.211MiB / 17.15GiB   0.02%     2.56GB / 2.45GB   0B / 4.1kB   12
[2J[HCONTAINER ID   NAME      CPU %     MEM USAGE / LIMIT     MEM %     NET I/O           BLOCK I/O    PIDS
bc0d0ca910c6   gnodeb    230.36%   2.895MiB / 17.15GiB   0.02%     2.67GB / 2.56GB   0B / 4.1kB   12
[2J[HCONTAINER ID   NAME      CPU %     MEM USAGE / LIMIT     MEM %     NET I/O           BLOCK I/O    PIDS
bc0d0ca910c6   gnodeb    230.36%   2.895MiB / 17.15GiB   0.02%     2.67GB / 2.56GB   0B / 4.1kB   12
[2J[HCONTAINER ID   NAME      CPU %     MEM USAGE / LIMIT     MEM %     NET I/O           BLOCK I/O    PIDS
bc0d0ca910c6   gnodeb    232.47%   3.023MiB / 17.15GiB   0.02%     2.78GB / 2.67GB   0B / 4.1kB   12
[2J[HCONTAINER ID   NAME      CPU %     MEM USAGE / LIMIT     MEM %     NET I/O           BLOCK I/O    PIDS
bc0d0ca910c6   gnodeb    232.47%   3.023MiB / 17.15GiB   0.02%     2.78GB / 2.67GB   0B / 4.1kB   12
[2J[HCONTAINER ID   NAME      CPU %     MEM USAGE / LIMIT     MEM %     NET I/O           BLOCK I/O    PIDS
bc0d0ca910c6   gnodeb    229.10%   2.746MiB / 17.15GiB   0.02%     2.89GB / 2.77GB   0B / 4.1kB   12
[2J[HCONTAINER ID   NAME      CPU %     MEM USAGE / LIMIT     MEM %     NET I/O           BLOCK I/O    PIDS
bc0d0ca910c6   gnodeb    229.10%   2.746MiB / 17.15GiB   0.02%     2.89GB / 2.77GB   0B / 4.1kB   12
[2J[HCONTAINER ID   NAME      CPU %     MEM USAGE / LIMIT     MEM %     NET I/O        BLOCK I/O    PIDS
bc0d0ca910c6   gnodeb    223.60%   3.039MiB / 17.15GiB   0.02%     3GB / 2.88GB   0B / 4.1kB   12
[2J[HCONTAINER ID   NAME      CPU %     MEM USAGE / LIMIT     MEM %     NET I/O        BLOCK I/O    PIDS
bc0d0ca910c6   gnodeb    223.60%   3.039MiB / 17.15GiB   0.02%     3GB / 2.88GB   0B / 4.1kB   12
[2J[HCONTAINER ID   NAME      CPU %     MEM USAGE / LIMIT     MEM %     NET I/O          BLOCK I/O    PIDS
bc0d0ca910c6   gnodeb    231.55%   2.801MiB / 17.15GiB   0.02%     3.1GB / 2.98GB   0B / 4.1kB   12
[2J[HCONTAINER ID   NAME      CPU %     MEM USAGE / LIMIT     MEM %     NET I/O          BLOCK I/O    PIDS
bc0d0ca910c6   gnodeb    231.55%   2.801MiB / 17.15GiB   0.02%     3.1GB / 2.98GB   0B / 4.1kB   12
[2J[HCONTAINER ID   NAME      CPU %     MEM USAGE / LIMIT     MEM %     NET I/O           BLOCK I/O    PIDS
bc0d0ca910c6   gnodeb    229.16%   2.977MiB / 17.15GiB   0.02%     3.21GB / 3.09GB   0B / 4.1kB   12
[2J[HCONTAINER ID   NAME      CPU %     MEM USAGE / LIMIT     MEM %     NET I/O           BLOCK I/O    PIDS
bc0d0ca910c6   gnodeb    229.16%   2.977MiB / 17.15GiB   0.02%     3.21GB / 3.09GB   0B / 4.1kB   12
[2J[HCONTAINER ID   NAME      CPU %     MEM USAGE / LIMIT     MEM %     NET I/O          BLOCK I/O    PIDS
bc0d0ca910c6   gnodeb    234.14%   2.891MiB / 17.15GiB   0.02%     3.32GB / 3.2GB   0B / 4.1kB   12
[2J[HCONTAINER ID   NAME      CPU %     MEM USAGE / LIMIT     MEM %     NET I/O          BLOCK I/O    PIDS
bc0d0ca910c6   gnodeb    234.14%   2.891MiB / 17.15GiB   0.02%     3.32GB / 3.2GB   0B / 4.1kB   12
[2J[HCONTAINER ID   NAME      CPU %     MEM USAGE / LIMIT     MEM %     NET I/O          BLOCK I/O    PIDS
bc0d0ca910c6   gnodeb    231.93%   2.992MiB / 17.15GiB   0.02%     3.42GB / 3.3GB   0B / 4.1kB   12
[2J[HCONTAINER ID   NAME      CPU %     MEM USAGE / LIMIT     MEM %     NET I/O          BLOCK I/O    PIDS
bc0d0ca910c6   gnodeb    231.93%   2.992MiB / 17.15GiB   0.02%     3.42GB / 3.3GB   0B / 4.1kB   12
[2J[HCONTAINER ID   NAME      CPU %     MEM USAGE / LIMIT     MEM %     NET I/O           BLOCK I/O    PIDS
bc0d0ca910c6   gnodeb    228.51%   2.902MiB / 17.15GiB   0.02%     3.53GB / 3.41GB   0B / 4.1kB   12
[2J[HCONTAINER ID   NAME      CPU %     MEM USAGE / LIMIT     MEM %     NET I/O           BLOCK I/O    PIDS
bc0d0ca910c6   gnodeb    228.51%   2.902MiB / 17.15GiB   0.02%     3.53GB / 3.41GB   0B / 4.1kB   12
[2J[HCONTAINER ID   NAME      CPU %     MEM USAGE / LIMIT     MEM %     NET I/O           BLOCK I/O    PIDS
bc0d0ca910c6   gnodeb    229.35%   3.273MiB / 17.15GiB   0.02%     3.64GB / 3.51GB   0B / 4.1kB   12
[2J[HCONTAINER ID   NAME      CPU %     MEM USAGE / LIMIT     MEM %     NET I/O           BLOCK I/O    PIDS
bc0d0ca910c6   gnodeb    229.35%   3.273MiB / 17.15GiB   0.02%     3.64GB / 3.51GB   0B / 4.1kB   12
[2J[HCONTAINER ID   NAME      CPU %     MEM USAGE / LIMIT    MEM %     NET I/O           BLOCK I/O    PIDS
bc0d0ca910c6   gnodeb    233.73%   2.93MiB / 17.15GiB   0.02%     3.75GB / 3.62GB   0B / 4.1kB   12
[2J[HCONTAINER ID   NAME      CPU %     MEM USAGE / LIMIT    MEM %     NET I/O           BLOCK I/O    PIDS
bc0d0ca910c6   gnodeb    233.73%   2.93MiB / 17.15GiB   0.02%     3.75GB / 3.62GB   0B / 4.1kB   12
[2J[HCONTAINER ID   NAME      CPU %     MEM USAGE / LIMIT     MEM %     NET I/O           BLOCK I/O    PIDS
bc0d0ca910c6   gnodeb    227.44%   2.816MiB / 17.15GiB   0.02%     3.85GB / 3.72GB   0B / 4.1kB   12
[2J[HCONTAINER ID   NAME      CPU %     MEM USAGE / LIMIT     MEM %     NET I/O           BLOCK I/O    PIDS
bc0d0ca910c6   gnodeb    227.44%   2.816MiB / 17.15GiB   0.02%     3.85GB / 3.72GB   0B / 4.1kB   12
[2J[HCONTAINER ID   NAME      CPU %     MEM USAGE / LIMIT     MEM %     NET I/O           BLOCK I/O    PIDS
bc0d0ca910c6   gnodeb    220.53%   2.605MiB / 17.15GiB   0.01%     3.96GB / 3.83GB   0B / 4.1kB   12
[2J[HCONTAINER ID   NAME      CPU %     MEM USAGE / LIMIT     MEM %     NET I/O           BLOCK I/O    PIDS
bc0d0ca910c6   gnodeb    220.53%   2.605MiB / 17.15GiB   0.01%     3.96GB / 3.83GB   0B / 4.1kB   12
[2J[HCONTAINER ID   NAME      CPU %     MEM USAGE / LIMIT     MEM %     NET I/O           BLOCK I/O    PIDS
bc0d0ca910c6   gnodeb    222.54%   2.977MiB / 17.15GiB   0.02%     4.06GB / 3.93GB   0B / 4.1kB   12
[2J[HCONTAINER ID   NAME      CPU %     MEM USAGE / LIMIT     MEM %     NET I/O           BLOCK I/O    PIDS
bc0d0ca910c6   gnodeb    222.54%   2.977MiB / 17.15GiB   0.02%     4.06GB / 3.93GB   0B / 4.1kB   12
[2J[HCONTAINER ID   NAME      CPU %     MEM USAGE / LIMIT     MEM %     NET I/O           BLOCK I/O    PIDS
bc0d0ca910c6   gnodeb    230.24%   2.844MiB / 17.15GiB   0.02%     4.17GB / 4.04GB   0B / 4.1kB   12
[2J[HCONTAINER ID   NAME      CPU %     MEM USAGE / LIMIT     MEM %     NET I/O           BLOCK I/O    PIDS
bc0d0ca910c6   gnodeb    230.24%   2.844MiB / 17.15GiB   0.02%     4.17GB / 4.04GB   0B / 4.1kB   12
[2J[HCONTAINER ID   NAME      CPU %     MEM USAGE / LIMIT     MEM %     NET I/O           BLOCK I/O    PIDS
bc0d0ca910c6   gnodeb    225.20%   3.168MiB / 17.15GiB   0.02%     4.27GB / 4.14GB   0B / 4.1kB   12
[2J[HCONTAINER ID   NAME      CPU %     MEM USAGE / LIMIT     MEM %     NET I/O           BLOCK I/O    PIDS
bc0d0ca910c6   gnodeb    225.20%   3.168MiB / 17.15GiB   0.02%     4.27GB / 4.14GB   0B / 4.1kB   12
[2J[HCONTAINER ID   NAME      CPU %     MEM USAGE / LIMIT     MEM %     NET I/O           BLOCK I/O    PIDS
bc0d0ca910c6   gnodeb    225.61%   3.078MiB / 17.15GiB   0.02%     4.38GB / 4.25GB   0B / 4.1kB   12
[2J[HCONTAINER ID   NAME      CPU %     MEM USAGE / LIMIT     MEM %     NET I/O           BLOCK I/O    PIDS
bc0d0ca910c6   gnodeb    225.61%   3.078MiB / 17.15GiB   0.02%     4.38GB / 4.25GB   0B / 4.1kB   12
[2J[HCONTAINER ID   NAME      CPU %     MEM USAGE / LIMIT     MEM %     NET I/O           BLOCK I/O    PIDS
bc0d0ca910c6   gnodeb    231.36%   2.844MiB / 17.15GiB   0.02%     4.49GB / 4.35GB   0B / 4.1kB   12
[2J[HCONTAINER ID   NAME      CPU %     MEM USAGE / LIMIT     MEM %     NET I/O           BLOCK I/O    PIDS
bc0d0ca910c6   gnodeb    231.36%   2.844MiB / 17.15GiB   0.02%     4.49GB / 4.35GB   0B / 4.1kB   12
[2J[HCONTAINER ID   NAME      CPU %     MEM USAGE / LIMIT     MEM %     NET I/O           BLOCK I/O    PIDS
bc0d0ca910c6   gnodeb    222.82%   3.082MiB / 17.15GiB   0.02%     4.59GB / 4.46GB   0B / 4.1kB   12
[2J[HCONTAINER ID   NAME      CPU %     MEM USAGE / LIMIT     MEM %     NET I/O           BLOCK I/O    PIDS
bc0d0ca910c6   gnodeb    222.82%   3.082MiB / 17.15GiB   0.02%     4.59GB / 4.46GB   0B / 4.1kB   12
[2J[HCONTAINER ID   NAME      CPU %     MEM USAGE / LIMIT     MEM %     NET I/O          BLOCK I/O    PIDS
bc0d0ca910c6   gnodeb    227.31%   3.191MiB / 17.15GiB   0.02%     4.7GB / 4.56GB   0B / 4.1kB   12
[2J[HCONTAINER ID   NAME      CPU %     MEM USAGE / LIMIT     MEM %     NET I/O          BLOCK I/O    PIDS
bc0d0ca910c6   gnodeb    227.31%   3.191MiB / 17.15GiB   0.02%     4.7GB / 4.56GB   0B / 4.1kB   12
[2J[HCONTAINER ID   NAME      CPU %     MEM USAGE / LIMIT     MEM %     NET I/O          BLOCK I/O    PIDS
bc0d0ca910c6   gnodeb    227.25%   3.266MiB / 17.15GiB   0.02%     4.8GB / 4.66GB   0B / 4.1kB   12
[2J[HCONTAINER ID   NAME      CPU %     MEM USAGE / LIMIT     MEM %     NET I/O          BLOCK I/O    PIDS
bc0d0ca910c6   gnodeb    227.25%   3.266MiB / 17.15GiB   0.02%     4.8GB / 4.66GB   0B / 4.1kB   12
[2J[HCONTAINER ID   NAME      CPU %     MEM USAGE / LIMIT     MEM %     NET I/O           BLOCK I/O    PIDS
bc0d0ca910c6   gnodeb    224.87%   3.004MiB / 17.15GiB   0.02%     4.91GB / 4.77GB   0B / 4.1kB   12
[2J[HCONTAINER ID   NAME      CPU %     MEM USAGE / LIMIT     MEM %     NET I/O           BLOCK I/O    PIDS
bc0d0ca910c6   gnodeb    224.87%   3.004MiB / 17.15GiB   0.02%     4.91GB / 4.77GB   0B / 4.1kB   12
[2J[HCONTAINER ID   NAME      CPU %     MEM USAGE / LIMIT     MEM %     NET I/O           BLOCK I/O    PIDS
bc0d0ca910c6   gnodeb    215.72%   3.227MiB / 17.15GiB   0.02%     5.01GB / 4.87GB   0B / 4.1kB   12
[2J[HCONTAINER ID   NAME      CPU %     MEM USAGE / LIMIT     MEM %     NET I/O           BLOCK I/O    PIDS
bc0d0ca910c6   gnodeb    215.72%   3.227MiB / 17.15GiB   0.02%     5.01GB / 4.87GB   0B / 4.1kB   12
[2J[HCONTAINER ID   NAME      CPU %     MEM USAGE / LIMIT     MEM %     NET I/O           BLOCK I/O    PIDS
bc0d0ca910c6   gnodeb    222.55%   2.922MiB / 17.15GiB   0.02%     5.12GB / 4.98GB   0B / 4.1kB   12
[2J[HCONTAINER ID   NAME      CPU %     MEM USAGE / LIMIT     MEM %     NET I/O           BLOCK I/O    PIDS
bc0d0ca910c6   gnodeb    222.55%   2.922MiB / 17.15GiB   0.02%     5.12GB / 4.98GB   0B / 4.1kB   12
[2J[HCONTAINER ID   NAME      CPU %     MEM USAGE / LIMIT     MEM %     NET I/O           BLOCK I/O    PIDS
bc0d0ca910c6   gnodeb    223.21%   3.566MiB / 17.15GiB   0.02%     5.23GB / 5.08GB   0B / 4.1kB   12
[2J[HCONTAINER ID   NAME      CPU %     MEM USAGE / LIMIT     MEM %     NET I/O           BLOCK I/O    PIDS
bc0d0ca910c6   gnodeb    223.21%   3.566MiB / 17.15GiB   0.02%     5.23GB / 5.08GB   0B / 4.1kB   12
[2J[HCONTAINER ID   NAME      CPU %     MEM USAGE / LIMIT     MEM %     NET I/O           BLOCK I/O    PIDS
bc0d0ca910c6   gnodeb    217.86%   3.129MiB / 17.15GiB   0.02%     5.33GB / 5.18GB   0B / 4.1kB   12
[2J[HCONTAINER ID   NAME      CPU %     MEM USAGE / LIMIT     MEM %     NET I/O           BLOCK I/O    PIDS
bc0d0ca910c6   gnodeb    217.86%   3.129MiB / 17.15GiB   0.02%     5.33GB / 5.18GB   0B / 4.1kB   12
[2J[HCONTAINER ID   NAME      CPU %     MEM USAGE / LIMIT     MEM %     NET I/O           BLOCK I/O    PIDS
bc0d0ca910c6   gnodeb    229.89%   3.133MiB / 17.15GiB   0.02%     5.44GB / 5.29GB   0B / 4.1kB   12
[2J[HCONTAINER ID   NAME      CPU %     MEM USAGE / LIMIT     MEM %     NET I/O           BLOCK I/O    PIDS
bc0d0ca910c6   gnodeb    229.89%   3.133MiB / 17.15GiB   0.02%     5.44GB / 5.29GB   0B / 4.1kB   12
[2J[HCONTAINER ID   NAME      CPU %     MEM USAGE / LIMIT     MEM %     NET I/O           BLOCK I/O    PIDS
bc0d0ca910c6   gnodeb    233.53%   2.918MiB / 17.15GiB   0.02%     5.54GB / 5.39GB   0B / 4.1kB   12
[2J[HCONTAINER ID   NAME      CPU %     MEM USAGE / LIMIT     MEM %     NET I/O           BLOCK I/O    PIDS
bc0d0ca910c6   gnodeb    233.53%   2.918MiB / 17.15GiB   0.02%     5.54GB / 5.39GB   0B / 4.1kB   12
[2J[HCONTAINER ID   NAME      CPU %     MEM USAGE / LIMIT     MEM %     NET I/O          BLOCK I/O    PIDS
bc0d0ca910c6   gnodeb    224.98%   3.219MiB / 17.15GiB   0.02%     5.65GB / 5.5GB   0B / 4.1kB   12
[2J[HCONTAINER ID   NAME      CPU %     MEM USAGE / LIMIT     MEM %     NET I/O          BLOCK I/O    PIDS
bc0d0ca910c6   gnodeb    224.98%   3.219MiB / 17.15GiB   0.02%     5.65GB / 5.5GB   0B / 4.1kB   12
[2J[HCONTAINER ID   NAME      CPU %     MEM USAGE / LIMIT     MEM %     NET I/O          BLOCK I/O    PIDS
bc0d0ca910c6   gnodeb    231.18%   3.324MiB / 17.15GiB   0.02%     5.76GB / 5.6GB   0B / 4.1kB   12
[2J[HCONTAINER ID   NAME      CPU %     MEM USAGE / LIMIT     MEM %     NET I/O          BLOCK I/O    PIDS
bc0d0ca910c6   gnodeb    231.18%   3.324MiB / 17.15GiB   0.02%     5.76GB / 5.6GB   0B / 4.1kB   12
[2J[HCONTAINER ID   NAME      CPU %     MEM USAGE / LIMIT     MEM %     NET I/O           BLOCK I/O    PIDS
bc0d0ca910c6   gnodeb    223.43%   3.598MiB / 17.15GiB   0.02%     5.86GB / 5.71GB   0B / 4.1kB   12
[2J[HCONTAINER ID   NAME      CPU %     MEM USAGE / LIMIT     MEM %     NET I/O           BLOCK I/O    PIDS
bc0d0ca910c6   gnodeb    223.43%   3.598MiB / 17.15GiB   0.02%     5.86GB / 5.71GB   0B / 4.1kB   12
[2J[HCONTAINER ID   NAME      CPU %     MEM USAGE / LIMIT     MEM %     NET I/O           BLOCK I/O    PIDS
bc0d0ca910c6   gnodeb    218.92%   3.137MiB / 17.15GiB   0.02%     5.97GB / 5.81GB   0B / 4.1kB   12
[2J[HCONTAINER ID   NAME      CPU %     MEM USAGE / LIMIT     MEM %     NET I/O           BLOCK I/O    PIDS
bc0d0ca910c6   gnodeb    218.92%   3.137MiB / 17.15GiB   0.02%     5.97GB / 5.81GB   0B / 4.1kB   12
[2J[HCONTAINER ID   NAME      CPU %     MEM USAGE / LIMIT     MEM %     NET I/O           BLOCK I/O    PIDS
bc0d0ca910c6   gnodeb    223.24%   3.457MiB / 17.15GiB   0.02%     6.07GB / 5.91GB   0B / 4.1kB   12
[2J[HCONTAINER ID   NAME      CPU %     MEM USAGE / LIMIT     MEM %     NET I/O           BLOCK I/O    PIDS
bc0d0ca910c6   gnodeb    223.24%   3.457MiB / 17.15GiB   0.02%     6.07GB / 5.91GB   0B / 4.1kB   12
[2J[HCONTAINER ID   NAME      CPU %     MEM USAGE / LIMIT     MEM %     NET I/O           BLOCK I/O    PIDS
bc0d0ca910c6   gnodeb    221.58%   3.188MiB / 17.15GiB   0.02%     6.17GB / 6.01GB   0B / 4.1kB   12
[2J[HCONTAINER ID   NAME      CPU %     MEM USAGE / LIMIT     MEM %     NET I/O           BLOCK I/O    PIDS
bc0d0ca910c6   gnodeb    221.58%   3.188MiB / 17.15GiB   0.02%     6.17GB / 6.01GB   0B / 4.1kB   12
[2J[HCONTAINER ID   NAME      CPU %     MEM USAGE / LIMIT     MEM %     NET I/O           BLOCK I/O    PIDS
bc0d0ca910c6   gnodeb    214.79%   3.238MiB / 17.15GiB   0.02%     6.28GB / 6.12GB   0B / 4.1kB   12
[2J[HCONTAINER ID   NAME      CPU %     MEM USAGE / LIMIT     MEM %     NET I/O           BLOCK I/O    PIDS
bc0d0ca910c6   gnodeb    214.79%   3.238MiB / 17.15GiB   0.02%     6.28GB / 6.12GB   0B / 4.1kB   12
[2J[HCONTAINER ID   NAME      CPU %     MEM USAGE / LIMIT     MEM %     NET I/O           BLOCK I/O    PIDS
bc0d0ca910c6   gnodeb    225.14%   3.391MiB / 17.15GiB   0.02%     6.38GB / 6.22GB   0B / 4.1kB   12
[2J[HCONTAINER ID   NAME      CPU %     MEM USAGE / LIMIT     MEM %     NET I/O           BLOCK I/O    PIDS
bc0d0ca910c6   gnodeb    225.14%   3.391MiB / 17.15GiB   0.02%     6.38GB / 6.22GB   0B / 4.1kB   12
[2J[HCONTAINER ID   NAME      CPU %     MEM USAGE / LIMIT     MEM %     NET I/O           BLOCK I/O    PIDS
bc0d0ca910c6   gnodeb    217.44%   2.781MiB / 17.15GiB   0.02%     6.48GB / 6.32GB   0B / 4.1kB   12
[2J[HCONTAINER ID   NAME      CPU %     MEM USAGE / LIMIT     MEM %     NET I/O           BLOCK I/O    PIDS
bc0d0ca910c6   gnodeb    217.44%   2.781MiB / 17.15GiB   0.02%     6.48GB / 6.32GB   0B / 4.1kB   12
[2J[HCONTAINER ID   NAME      CPU %     MEM USAGE / LIMIT     MEM %     NET I/O           BLOCK I/O    PIDS
bc0d0ca910c6   gnodeb    235.07%   2.941MiB / 17.15GiB   0.02%     6.59GB / 6.42GB   0B / 4.1kB   12
[2J[HCONTAINER ID   NAME      CPU %     MEM USAGE / LIMIT     MEM %     NET I/O           BLOCK I/O    PIDS
bc0d0ca910c6   gnodeb    235.07%   2.941MiB / 17.15GiB   0.02%     6.59GB / 6.42GB   0B / 4.1kB   12
[2J[HCONTAINER ID   NAME      CPU %     MEM USAGE / LIMIT     MEM %     NET I/O           BLOCK I/O    PIDS
bc0d0ca910c6   gnodeb    217.70%   3.102MiB / 17.15GiB   0.02%     6.69GB / 6.52GB   0B / 4.1kB   12
[2J[HCONTAINER ID   NAME      CPU %     MEM USAGE / LIMIT     MEM %     NET I/O           BLOCK I/O    PIDS
bc0d0ca910c6   gnodeb    217.70%   3.102MiB / 17.15GiB   0.02%     6.69GB / 6.52GB   0B / 4.1kB   12
[2J[HCONTAINER ID   NAME      CPU %     MEM USAGE / LIMIT     MEM %     NET I/O          BLOCK I/O    PIDS
bc0d0ca910c6   gnodeb    225.45%   3.242MiB / 17.15GiB   0.02%     6.8GB / 6.63GB   0B / 4.1kB   12
[2J[HCONTAINER ID   NAME      CPU %     MEM USAGE / LIMIT     MEM %     NET I/O          BLOCK I/O    PIDS
bc0d0ca910c6   gnodeb    225.45%   3.242MiB / 17.15GiB   0.02%     6.8GB / 6.63GB   0B / 4.1kB   12
[2J[HCONTAINER ID   NAME      CPU %     MEM USAGE / LIMIT     MEM %     NET I/O          BLOCK I/O    PIDS
bc0d0ca910c6   gnodeb    217.36%   3.387MiB / 17.15GiB   0.02%     6.9GB / 6.73GB   0B / 4.1kB   12
[2J[HCONTAINER ID   NAME      CPU %     MEM USAGE / LIMIT     MEM %     NET I/O          BLOCK I/O    PIDS
bc0d0ca910c6   gnodeb    217.36%   3.387MiB / 17.15GiB   0.02%     6.9GB / 6.73GB   0B / 4.1kB   12
[2J[HCONTAINER ID   NAME      CPU %     MEM USAGE / LIMIT     MEM %     NET I/O           BLOCK I/O    PIDS
bc0d0ca910c6   gnodeb    224.85%   2.984MiB / 17.15GiB   0.02%     7.01GB / 6.84GB   0B / 4.1kB   12
[2J[HCONTAINER ID   NAME      CPU %     MEM USAGE / LIMIT     MEM %     NET I/O           BLOCK I/O    PIDS
bc0d0ca910c6   gnodeb    224.85%   2.984MiB / 17.15GiB   0.02%     7.01GB / 6.84GB   0B / 4.1kB   12
[2J[HCONTAINER ID   NAME      CPU %     MEM USAGE / LIMIT     MEM %     NET I/O           BLOCK I/O    PIDS
bc0d0ca910c6   gnodeb    220.00%   3.078MiB / 17.15GiB   0.02%     7.11GB / 6.93GB   0B / 4.1kB   12
[2J[HCONTAINER ID   NAME      CPU %     MEM USAGE / LIMIT     MEM %     NET I/O           BLOCK I/O    PIDS
bc0d0ca910c6   gnodeb    220.00%   3.078MiB / 17.15GiB   0.02%     7.11GB / 6.93GB   0B / 4.1kB   12
[2J[HCONTAINER ID   NAME      CPU %     MEM USAGE / LIMIT     MEM %     NET I/O           BLOCK I/O    PIDS
bc0d0ca910c6   gnodeb    217.63%   3.215MiB / 17.15GiB   0.02%     7.21GB / 7.04GB   0B / 4.1kB   12
[2J[HCONTAINER ID   NAME      CPU %     MEM USAGE / LIMIT     MEM %     NET I/O           BLOCK I/O    PIDS
bc0d0ca910c6   gnodeb    217.63%   3.215MiB / 17.15GiB   0.02%     7.21GB / 7.04GB   0B / 4.1kB   12
[2J[HCONTAINER ID   NAME      CPU %     MEM USAGE / LIMIT     MEM %     NET I/O           BLOCK I/O    PIDS
bc0d0ca910c6   gnodeb    219.85%   3.234MiB / 17.15GiB   0.02%     7.31GB / 7.14GB   0B / 4.1kB   12
[2J[HCONTAINER ID   NAME      CPU %     MEM USAGE / LIMIT     MEM %     NET I/O           BLOCK I/O    PIDS
bc0d0ca910c6   gnodeb    219.85%   3.234MiB / 17.15GiB   0.02%     7.31GB / 7.14GB   0B / 4.1kB   12
[2J[HCONTAINER ID   NAME      CPU %     MEM USAGE / LIMIT     MEM %     NET I/O           BLOCK I/O    PIDS
bc0d0ca910c6   gnodeb    218.24%   3.141MiB / 17.15GiB   0.02%     7.41GB / 7.24GB   0B / 4.1kB   12
[2J[HCONTAINER ID   NAME      CPU %     MEM USAGE / LIMIT     MEM %     NET I/O           BLOCK I/O    PIDS
bc0d0ca910c6   gnodeb    218.24%   3.141MiB / 17.15GiB   0.02%     7.41GB / 7.24GB   0B / 4.1kB   12
[2J[HCONTAINER ID   NAME      CPU %     MEM USAGE / LIMIT     MEM %     NET I/O           BLOCK I/O    PIDS
bc0d0ca910c6   gnodeb    218.32%   3.027MiB / 17.15GiB   0.02%     7.52GB / 7.34GB   0B / 4.1kB   12
[2J[HCONTAINER ID   NAME      CPU %     MEM USAGE / LIMIT     MEM %     NET I/O           BLOCK I/O    PIDS
bc0d0ca910c6   gnodeb    218.32%   3.027MiB / 17.15GiB   0.02%     7.52GB / 7.34GB   0B / 4.1kB   12
[2J[HCONTAINER ID   NAME      CPU %     MEM USAGE / LIMIT     MEM %     NET I/O           BLOCK I/O    PIDS
bc0d0ca910c6   gnodeb    223.82%   2.926MiB / 17.15GiB   0.02%     7.62GB / 7.44GB   0B / 4.1kB   12
[2J[HCONTAINER ID   NAME      CPU %     MEM USAGE / LIMIT     MEM %     NET I/O           BLOCK I/O    PIDS
bc0d0ca910c6   gnodeb    223.82%   2.926MiB / 17.15GiB   0.02%     7.62GB / 7.44GB   0B / 4.1kB   12
[2J[HCONTAINER ID   NAME      CPU %     MEM USAGE / LIMIT     MEM %     NET I/O           BLOCK I/O    PIDS
bc0d0ca910c6   gnodeb    217.89%   3.266MiB / 17.15GiB   0.02%     7.72GB / 7.54GB   0B / 4.1kB   12
[2J[HCONTAINER ID   NAME      CPU %     MEM USAGE / LIMIT     MEM %     NET I/O           BLOCK I/O    PIDS
bc0d0ca910c6   gnodeb    217.89%   3.266MiB / 17.15GiB   0.02%     7.72GB / 7.54GB   0B / 4.1kB   12
[2J[HCONTAINER ID   NAME      CPU %     MEM USAGE / LIMIT     MEM %     NET I/O           BLOCK I/O    PIDS
bc0d0ca910c6   gnodeb    225.84%   3.457MiB / 17.15GiB   0.02%     7.82GB / 7.64GB   0B / 4.1kB   12
[2J[HCONTAINER ID   NAME      CPU %     MEM USAGE / LIMIT     MEM %     NET I/O           BLOCK I/O    PIDS
bc0d0ca910c6   gnodeb    225.84%   3.457MiB / 17.15GiB   0.02%     7.82GB / 7.64GB   0B / 4.1kB   12
[2J[HCONTAINER ID   NAME      CPU %     MEM USAGE / LIMIT     MEM %     NET I/O           BLOCK I/O    PIDS
bc0d0ca910c6   gnodeb    218.16%   3.078MiB / 17.15GiB   0.02%     7.93GB / 7.74GB   0B / 4.1kB   12
[2J[HCONTAINER ID   NAME      CPU %     MEM USAGE / LIMIT     MEM %     NET I/O           BLOCK I/O    PIDS
bc0d0ca910c6   gnodeb    218.16%   3.078MiB / 17.15GiB   0.02%     7.93GB / 7.74GB   0B / 4.1kB   12
[2J[HCONTAINER ID   NAME      CPU %     MEM USAGE / LIMIT     MEM %     NET I/O           BLOCK I/O    PIDS
bc0d0ca910c6   gnodeb    213.94%   3.285MiB / 17.15GiB   0.02%     8.03GB / 7.85GB   0B / 4.1kB   12
[2J[HCONTAINER ID   NAME      CPU %     MEM USAGE / LIMIT     MEM %     NET I/O           BLOCK I/O    PIDS
bc0d0ca910c6   gnodeb    213.94%   3.285MiB / 17.15GiB   0.02%     8.03GB / 7.85GB   0B / 4.1kB   12
[2J[HCONTAINER ID   NAME      CPU %     MEM USAGE / LIMIT     MEM %     NET I/O           BLOCK I/O    PIDS
bc0d0ca910c6   gnodeb    212.60%   3.086MiB / 17.15GiB   0.02%     8.13GB / 7.94GB   0B / 4.1kB   12
[2J[HCONTAINER ID   NAME      CPU %     MEM USAGE / LIMIT     MEM %     NET I/O           BLOCK I/O    PIDS
bc0d0ca910c6   gnodeb    212.60%   3.086MiB / 17.15GiB   0.02%     8.13GB / 7.94GB   0B / 4.1kB   12
[2J[HCONTAINER ID   NAME      CPU %     MEM USAGE / LIMIT     MEM %     NET I/O           BLOCK I/O    PIDS
bc0d0ca910c6   gnodeb    207.22%   3.055MiB / 17.15GiB   0.02%     8.23GB / 8.04GB   0B / 4.1kB   12
[2J[HCONTAINER ID   NAME      CPU %     MEM USAGE / LIMIT     MEM %     NET I/O           BLOCK I/O    PIDS
bc0d0ca910c6   gnodeb    207.22%   3.055MiB / 17.15GiB   0.02%     8.23GB / 8.04GB   0B / 4.1kB   12
[2J[HCONTAINER ID   NAME      CPU %     MEM USAGE / LIMIT     MEM %     NET I/O           BLOCK I/O    PIDS
bc0d0ca910c6   gnodeb    215.25%   3.145MiB / 17.15GiB   0.02%     8.33GB / 8.14GB   0B / 4.1kB   12
[2J[HCONTAINER ID   NAME      CPU %     MEM USAGE / LIMIT     MEM %     NET I/O           BLOCK I/O    PIDS
bc0d0ca910c6   gnodeb    215.25%   3.145MiB / 17.15GiB   0.02%     8.33GB / 8.14GB   0B / 4.1kB   12
[2J[HCONTAINER ID   NAME      CPU %     MEM USAGE / LIMIT     MEM %     NET I/O           BLOCK I/O    PIDS
bc0d0ca910c6   gnodeb    211.44%   3.258MiB / 17.15GiB   0.02%     8.44GB / 8.24GB   0B / 4.1kB   12
[2J[HCONTAINER ID   NAME      CPU %     MEM USAGE / LIMIT     MEM %     NET I/O           BLOCK I/O    PIDS
bc0d0ca910c6   gnodeb    211.44%   3.258MiB / 17.15GiB   0.02%     8.44GB / 8.24GB   0B / 4.1kB   12
[2J[HCONTAINER ID   NAME      CPU %     MEM USAGE / LIMIT    MEM %     NET I/O           BLOCK I/O    PIDS
bc0d0ca910c6   gnodeb    220.25%   3.07MiB / 17.15GiB   0.02%     8.54GB / 8.34GB   0B / 4.1kB   12
[2J[HCONTAINER ID   NAME      CPU %     MEM USAGE / LIMIT    MEM %     NET I/O           BLOCK I/O    PIDS
bc0d0ca910c6   gnodeb    220.25%   3.07MiB / 17.15GiB   0.02%     8.54GB / 8.34GB   0B / 4.1kB   12
[2J[HCONTAINER ID   NAME      CPU %     MEM USAGE / LIMIT     MEM %     NET I/O           BLOCK I/O    PIDS
bc0d0ca910c6   gnodeb    205.86%   3.102MiB / 17.15GiB   0.02%     8.64GB / 8.44GB   0B / 4.1kB   12
[2J[HCONTAINER ID   NAME      CPU %     MEM USAGE / LIMIT     MEM %     NET I/O           BLOCK I/O    PIDS
bc0d0ca910c6   gnodeb    205.86%   3.102MiB / 17.15GiB   0.02%     8.64GB / 8.44GB   0B / 4.1kB   12
[2J[HCONTAINER ID   NAME      CPU %     MEM USAGE / LIMIT     MEM %     NET I/O           BLOCK I/O    PIDS
bc0d0ca910c6   gnodeb    214.97%   2.953MiB / 17.15GiB   0.02%     8.74GB / 8.54GB   0B / 4.1kB   12
[2J[HCONTAINER ID   NAME      CPU %     MEM USAGE / LIMIT     MEM %     NET I/O           BLOCK I/O    PIDS
bc0d0ca910c6   gnodeb    214.97%   2.953MiB / 17.15GiB   0.02%     8.74GB / 8.54GB   0B / 4.1kB   12
[2J[HCONTAINER ID   NAME      CPU %     MEM USAGE / LIMIT     MEM %     NET I/O           BLOCK I/O    PIDS
bc0d0ca910c6   gnodeb    219.25%   3.016MiB / 17.15GiB   0.02%     8.84GB / 8.64GB   0B / 4.1kB   12
[2J[HCONTAINER ID   NAME      CPU %     MEM USAGE / LIMIT     MEM %     NET I/O           BLOCK I/O    PIDS
bc0d0ca910c6   gnodeb    219.25%   3.016MiB / 17.15GiB   0.02%     8.84GB / 8.64GB   0B / 4.1kB   12
[2J[HCONTAINER ID   NAME      CPU %     MEM USAGE / LIMIT     MEM %     NET I/O           BLOCK I/O    PIDS
bc0d0ca910c6   gnodeb    212.36%   3.371MiB / 17.15GiB   0.02%     8.94GB / 8.74GB   0B / 4.1kB   12
[2J[HCONTAINER ID   NAME      CPU %     MEM USAGE / LIMIT     MEM %     NET I/O           BLOCK I/O    PIDS
bc0d0ca910c6   gnodeb    212.36%   3.371MiB / 17.15GiB   0.02%     8.94GB / 8.74GB   0B / 4.1kB   12
[2J[HCONTAINER ID   NAME      CPU %     MEM USAGE / LIMIT     MEM %     NET I/O           BLOCK I/O    PIDS
bc0d0ca910c6   gnodeb    205.51%   3.141MiB / 17.15GiB   0.02%     9.04GB / 8.84GB   0B / 4.1kB   12
[2J[HCONTAINER ID   NAME      CPU %     MEM USAGE / LIMIT     MEM %     NET I/O           BLOCK I/O    PIDS
bc0d0ca910c6   gnodeb    205.51%   3.141MiB / 17.15GiB   0.02%     9.04GB / 8.84GB   0B / 4.1kB   12
[2J[HCONTAINER ID   NAME      CPU %     MEM USAGE / LIMIT     MEM %     NET I/O           BLOCK I/O    PIDS
bc0d0ca910c6   gnodeb    207.81%   3.355MiB / 17.15GiB   0.02%     9.14GB / 8.94GB   0B / 4.1kB   12
[2J[HCONTAINER ID   NAME      CPU %     MEM USAGE / LIMIT     MEM %     NET I/O           BLOCK I/O    PIDS
bc0d0ca910c6   gnodeb    207.81%   3.355MiB / 17.15GiB   0.02%     9.14GB / 8.94GB   0B / 4.1kB   12
[2J[HCONTAINER ID   NAME      CPU %     MEM USAGE / LIMIT     MEM %     NET I/O           BLOCK I/O    PIDS
bc0d0ca910c6   gnodeb    218.13%   3.266MiB / 17.15GiB   0.02%     9.24GB / 9.04GB   0B / 4.1kB   12
[2J[HCONTAINER ID   NAME      CPU %     MEM USAGE / LIMIT     MEM %     NET I/O           BLOCK I/O    PIDS
bc0d0ca910c6   gnodeb    218.13%   3.266MiB / 17.15GiB   0.02%     9.24GB / 9.04GB   0B / 4.1kB   12
[2J[HCONTAINER ID   NAME      CPU %     MEM USAGE / LIMIT     MEM %     NET I/O           BLOCK I/O    PIDS
bc0d0ca910c6   gnodeb    210.55%   3.289MiB / 17.15GiB   0.02%     9.34GB / 9.13GB   0B / 4.1kB   12
[2J[HCONTAINER ID   NAME      CPU %     MEM USAGE / LIMIT     MEM %     NET I/O           BLOCK I/O    PIDS
bc0d0ca910c6   gnodeb    210.55%   3.289MiB / 17.15GiB   0.02%     9.34GB / 9.13GB   0B / 4.1kB   12
[2J[HCONTAINER ID   NAME      CPU %     MEM USAGE / LIMIT     MEM %     NET I/O           BLOCK I/O    PIDS
bc0d0ca910c6   gnodeb    206.06%   3.027MiB / 17.15GiB   0.02%     9.44GB / 9.23GB   0B / 4.1kB   12
[2J[HCONTAINER ID   NAME      CPU %     MEM USAGE / LIMIT     MEM %     NET I/O           BLOCK I/O    PIDS
bc0d0ca910c6   gnodeb    206.06%   3.027MiB / 17.15GiB   0.02%     9.44GB / 9.23GB   0B / 4.1kB   12
[2J[HCONTAINER ID   NAME      CPU %     MEM USAGE / LIMIT     MEM %     NET I/O           BLOCK I/O    PIDS
bc0d0ca910c6   gnodeb    219.74%   3.219MiB / 17.15GiB   0.02%     9.54GB / 9.33GB   0B / 4.1kB   12
[2J[HCONTAINER ID   NAME      CPU %     MEM USAGE / LIMIT     MEM %     NET I/O           BLOCK I/O    PIDS
bc0d0ca910c6   gnodeb    219.74%   3.219MiB / 17.15GiB   0.02%     9.54GB / 9.33GB   0B / 4.1kB   12
[2J[HCONTAINER ID   NAME      CPU %     MEM USAGE / LIMIT     MEM %     NET I/O           BLOCK I/O    PIDS
bc0d0ca910c6   gnodeb    216.59%   3.035MiB / 17.15GiB   0.02%     9.65GB / 9.43GB   0B / 4.1kB   12
[2J[HCONTAINER ID   NAME      CPU %     MEM USAGE / LIMIT     MEM %     NET I/O           BLOCK I/O    PIDS
bc0d0ca910c6   gnodeb    216.59%   3.035MiB / 17.15GiB   0.02%     9.65GB / 9.43GB   0B / 4.1kB   12
[2J[HCONTAINER ID   NAME      CPU %     MEM USAGE / LIMIT     MEM %     NET I/O           BLOCK I/O    PIDS
bc0d0ca910c6   gnodeb    219.58%   3.223MiB / 17.15GiB   0.02%     9.75GB / 9.53GB   0B / 4.1kB   12
[2J[HCONTAINER ID   NAME      CPU %     MEM USAGE / LIMIT     MEM %     NET I/O           BLOCK I/O    PIDS
bc0d0ca910c6   gnodeb    219.58%   3.223MiB / 17.15GiB   0.02%     9.75GB / 9.53GB   0B / 4.1kB   12
[2J[HCONTAINER ID   NAME      CPU %     MEM USAGE / LIMIT     MEM %     NET I/O           BLOCK I/O    PIDS
bc0d0ca910c6   gnodeb    210.27%   3.121MiB / 17.15GiB   0.02%     9.85GB / 9.63GB   0B / 4.1kB   12
[2J[HCONTAINER ID   NAME      CPU %     MEM USAGE / LIMIT     MEM %     NET I/O           BLOCK I/O    PIDS
bc0d0ca910c6   gnodeb    210.27%   3.121MiB / 17.15GiB   0.02%     9.85GB / 9.63GB   0B / 4.1kB   12
[2J[HCONTAINER ID   NAME      CPU %     MEM USAGE / LIMIT     MEM %     NET I/O           BLOCK I/O    PIDS
bc0d0ca910c6   gnodeb    206.50%   3.215MiB / 17.15GiB   0.02%     9.94GB / 9.73GB   0B / 4.1kB   12
[2J[HCONTAINER ID   NAME      CPU %     MEM USAGE / LIMIT     MEM %     NET I/O           BLOCK I/O    PIDS
bc0d0ca910c6   gnodeb    206.50%   3.215MiB / 17.15GiB   0.02%     9.94GB / 9.73GB   0B / 4.1kB   12
[2J[HCONTAINER ID   NAME      CPU %     MEM USAGE / LIMIT    MEM %     NET I/O         BLOCK I/O    PIDS
bc0d0ca910c6   gnodeb    208.19%   3.18MiB / 17.15GiB   0.02%     10GB / 9.82GB   0B / 4.1kB   12
[2J[HCONTAINER ID   NAME      CPU %     MEM USAGE / LIMIT    MEM %     NET I/O         BLOCK I/O    PIDS
bc0d0ca910c6   gnodeb    208.19%   3.18MiB / 17.15GiB   0.02%     10GB / 9.82GB   0B / 4.1kB   12
[2J[HCONTAINER ID   NAME      CPU %     MEM USAGE / LIMIT    MEM %     NET I/O           BLOCK I/O    PIDS
bc0d0ca910c6   gnodeb    211.20%   3.25MiB / 17.15GiB   0.02%     10.1GB / 9.92GB   0B / 4.1kB   12
[2J[HCONTAINER ID   NAME      CPU %     MEM USAGE / LIMIT    MEM %     NET I/O           BLOCK I/O    PIDS
bc0d0ca910c6   gnodeb    211.20%   3.25MiB / 17.15GiB   0.02%     10.1GB / 9.92GB   0B / 4.1kB   12
[2J[HCONTAINER ID   NAME      CPU %     MEM USAGE / LIMIT     MEM %     NET I/O         BLOCK I/O    PIDS
bc0d0ca910c6   gnodeb    206.99%   3.164MiB / 17.15GiB   0.02%     10.2GB / 10GB   0B / 4.1kB   12
[2J[HCONTAINER ID   NAME      CPU %     MEM USAGE / LIMIT     MEM %     NET I/O         BLOCK I/O    PIDS
bc0d0ca910c6   gnodeb    206.99%   3.164MiB / 17.15GiB   0.02%     10.2GB / 10GB   0B / 4.1kB   12
[2J[HCONTAINER ID   NAME      CPU %     MEM USAGE / LIMIT     MEM %     NET I/O           BLOCK I/O    PIDS
bc0d0ca910c6   gnodeb    215.32%   3.266MiB / 17.15GiB   0.02%     10.3GB / 10.1GB   0B / 4.1kB   12
[2J[HCONTAINER ID   NAME      CPU %     MEM USAGE / LIMIT     MEM %     NET I/O           BLOCK I/O    PIDS
bc0d0ca910c6   gnodeb    215.32%   3.266MiB / 17.15GiB   0.02%     10.3GB / 10.1GB   0B / 4.1kB   12
[2J[HCONTAINER ID   NAME      CPU %     MEM USAGE / LIMIT    MEM %     NET I/O           BLOCK I/O    PIDS
bc0d0ca910c6   gnodeb    213.03%   3.09MiB / 17.15GiB   0.02%     10.4GB / 10.2GB   0B / 4.1kB   12
[2J[HCONTAINER ID   NAME      CPU %     MEM USAGE / LIMIT    MEM %     NET I/O           BLOCK I/O    PIDS
bc0d0ca910c6   gnodeb    213.03%   3.09MiB / 17.15GiB   0.02%     10.4GB / 10.2GB   0B / 4.1kB   12
[2J[HCONTAINER ID   NAME      CPU %     MEM USAGE / LIMIT     MEM %     NET I/O           BLOCK I/O    PIDS
bc0d0ca910c6   gnodeb    209.12%   3.238MiB / 17.15GiB   0.02%     10.5GB / 10.3GB   0B / 4.1kB   12
[2J[HCONTAINER ID   NAME      CPU %     MEM USAGE / LIMIT     MEM %     NET I/O           BLOCK I/O    PIDS
bc0d0ca910c6   gnodeb    209.12%   3.238MiB / 17.15GiB   0.02%     10.5GB / 10.3GB   0B / 4.1kB   12
[2J[HCONTAINER ID   NAME      CPU %     MEM USAGE / LIMIT     MEM %     NET I/O           BLOCK I/O    PIDS
bc0d0ca910c6   gnodeb    204.82%   3.336MiB / 17.15GiB   0.02%     10.6GB / 10.4GB   0B / 4.1kB   12
[2J[HCONTAINER ID   NAME      CPU %     MEM USAGE / LIMIT     MEM %     NET I/O           BLOCK I/O    PIDS
bc0d0ca910c6   gnodeb    204.82%   3.336MiB / 17.15GiB   0.02%     10.6GB / 10.4GB   0B / 4.1kB   12
[2J[HCONTAINER ID   NAME      CPU %     MEM USAGE / LIMIT     MEM %     NET I/O           BLOCK I/O    PIDS
bc0d0ca910c6   gnodeb    206.88%   3.352MiB / 17.15GiB   0.02%     10.7GB / 10.5GB   0B / 4.1kB   12
[2J[HCONTAINER ID   NAME      CPU %     MEM USAGE / LIMIT     MEM %     NET I/O           BLOCK I/O    PIDS
bc0d0ca910c6   gnodeb    206.88%   3.352MiB / 17.15GiB   0.02%     10.7GB / 10.5GB   0B / 4.1kB   12
[2J[HCONTAINER ID   NAME      CPU %     MEM USAGE / LIMIT     MEM %     NET I/O           BLOCK I/O    PIDS
bc0d0ca910c6   gnodeb    209.58%   3.645MiB / 17.15GiB   0.02%     10.8GB / 10.6GB   0B / 4.1kB   12
[2J[HCONTAINER ID   NAME      CPU %     MEM USAGE / LIMIT     MEM %     NET I/O           BLOCK I/O    PIDS
bc0d0ca910c6   gnodeb    209.58%   3.645MiB / 17.15GiB   0.02%     10.8GB / 10.6GB   0B / 4.1kB   12
[2J[HCONTAINER ID   NAME      CPU %     MEM USAGE / LIMIT    MEM %     NET I/O           BLOCK I/O    PIDS
bc0d0ca910c6   gnodeb    216.27%   3.02MiB / 17.15GiB   0.02%     10.9GB / 10.7GB   0B / 4.1kB   12
[2J[HCONTAINER ID   NAME      CPU %     MEM USAGE / LIMIT    MEM %     NET I/O           BLOCK I/O    PIDS
bc0d0ca910c6   gnodeb    216.27%   3.02MiB / 17.15GiB   0.02%     10.9GB / 10.7GB   0B / 4.1kB   12
[2J[HCONTAINER ID   NAME      CPU %     MEM USAGE / LIMIT     MEM %     NET I/O         BLOCK I/O    PIDS
bc0d0ca910c6   gnodeb    211.68%   3.406MiB / 17.15GiB   0.02%     11GB / 10.8GB   0B / 4.1kB   12
[2J[HCONTAINER ID   NAME      CPU %     MEM USAGE / LIMIT     MEM %     NET I/O         BLOCK I/O    PIDS
bc0d0ca910c6   gnodeb    211.68%   3.406MiB / 17.15GiB   0.02%     11GB / 10.8GB   0B / 4.1kB   12
[2J[HCONTAINER ID   NAME      CPU %     MEM USAGE / LIMIT     MEM %     NET I/O           BLOCK I/O    PIDS
bc0d0ca910c6   gnodeb    200.48%   3.445MiB / 17.15GiB   0.02%     11.1GB / 10.9GB   0B / 4.1kB   12
[2J[HCONTAINER ID   NAME      CPU %     MEM USAGE / LIMIT     MEM %     NET I/O           BLOCK I/O    PIDS
bc0d0ca910c6   gnodeb    200.48%   3.445MiB / 17.15GiB   0.02%     11.1GB / 10.9GB   0B / 4.1kB   12
[2J[HCONTAINER ID   NAME      CPU %     MEM USAGE / LIMIT     MEM %     NET I/O         BLOCK I/O    PIDS
bc0d0ca910c6   gnodeb    211.01%   3.414MiB / 17.15GiB   0.02%     11.2GB / 11GB   0B / 4.1kB   12
[2J[HCONTAINER ID   NAME      CPU %     MEM USAGE / LIMIT     MEM %     NET I/O         BLOCK I/O    PIDS
bc0d0ca910c6   gnodeb    211.01%   3.414MiB / 17.15GiB   0.02%     11.2GB / 11GB   0B / 4.1kB   12
[2J[HCONTAINER ID   NAME      CPU %     MEM USAGE / LIMIT   MEM %     NET I/O           BLOCK I/O    PIDS
bc0d0ca910c6   gnodeb    212.34%   3MiB / 17.15GiB     0.02%     11.3GB / 11.1GB   0B / 4.1kB   12
[2J[HCONTAINER ID   NAME      CPU %     MEM USAGE / LIMIT   MEM %     NET I/O           BLOCK I/O    PIDS
bc0d0ca910c6   gnodeb    212.34%   3MiB / 17.15GiB     0.02%     11.3GB / 11.1GB   0B / 4.1kB   12
[2J[HCONTAINER ID   NAME      CPU %     MEM USAGE / LIMIT     MEM %     NET I/O           BLOCK I/O    PIDS
bc0d0ca910c6   gnodeb    209.86%   2.973MiB / 17.15GiB   0.02%     11.4GB / 11.2GB   0B / 4.1kB   12
[2J[HCONTAINER ID   NAME      CPU %     MEM USAGE / LIMIT     MEM %     NET I/O           BLOCK I/O    PIDS
bc0d0ca910c6   gnodeb    209.86%   2.973MiB / 17.15GiB   0.02%     11.4GB / 11.2GB   0B / 4.1kB   12
[2J[HCONTAINER ID   NAME      CPU %     MEM USAGE / LIMIT     MEM %     NET I/O           BLOCK I/O    PIDS
bc0d0ca910c6   gnodeb    213.25%   3.109MiB / 17.15GiB   0.02%     11.5GB / 11.3GB   0B / 4.1kB   12
[2J[HCONTAINER ID   NAME      CPU %     MEM USAGE / LIMIT     MEM %     NET I/O           BLOCK I/O    PIDS
bc0d0ca910c6   gnodeb    213.25%   3.109MiB / 17.15GiB   0.02%     11.5GB / 11.3GB   0B / 4.1kB   12
[2J[HCONTAINER ID   NAME      CPU %     MEM USAGE / LIMIT    MEM %     NET I/O           BLOCK I/O    PIDS
bc0d0ca910c6   gnodeb    207.75%   3.02MiB / 17.15GiB   0.02%     11.6GB / 11.4GB   0B / 4.1kB   12
[2J[HCONTAINER ID   NAME      CPU %     MEM USAGE / LIMIT    MEM %     NET I/O           BLOCK I/O    PIDS
bc0d0ca910c6   gnodeb    207.75%   3.02MiB / 17.15GiB   0.02%     11.6GB / 11.4GB   0B / 4.1kB   12
[2J[HCONTAINER ID   NAME      CPU %     MEM USAGE / LIMIT     MEM %     NET I/O           BLOCK I/O    PIDS
bc0d0ca910c6   gnodeb    200.62%   3.262MiB / 17.15GiB   0.02%     11.7GB / 11.5GB   0B / 4.1kB   12
[2J[HCONTAINER ID   NAME      CPU %     MEM USAGE / LIMIT     MEM %     NET I/O           BLOCK I/O    PIDS
bc0d0ca910c6   gnodeb    200.62%   3.262MiB / 17.15GiB   0.02%     11.7GB / 11.5GB   0B / 4.1kB   12
[2J[HCONTAINER ID   NAME      CPU %     MEM USAGE / LIMIT     MEM %     NET I/O           BLOCK I/O    PIDS
bc0d0ca910c6   gnodeb    208.48%   3.113MiB / 17.15GiB   0.02%     11.8GB / 11.6GB   0B / 4.1kB   12
[2J[HCONTAINER ID   NAME      CPU %     MEM USAGE / LIMIT     MEM %     NET I/O           BLOCK I/O    PIDS
bc0d0ca910c6   gnodeb    208.48%   3.113MiB / 17.15GiB   0.02%     11.8GB / 11.6GB   0B / 4.1kB   12
[2J[HCONTAINER ID   NAME      CPU %     MEM USAGE / LIMIT     MEM %     NET I/O           BLOCK I/O    PIDS
bc0d0ca910c6   gnodeb    211.20%   3.191MiB / 17.15GiB   0.02%     11.9GB / 11.7GB   0B / 4.1kB   12
[2J[HCONTAINER ID   NAME      CPU %     MEM USAGE / LIMIT     MEM %     NET I/O           BLOCK I/O    PIDS
bc0d0ca910c6   gnodeb    211.20%   3.191MiB / 17.15GiB   0.02%     11.9GB / 11.7GB   0B / 4.1kB   12
[2J[HCONTAINER ID   NAME      CPU %     MEM USAGE / LIMIT     MEM %     NET I/O         BLOCK I/O    PIDS
bc0d0ca910c6   gnodeb    207.46%   3.543MiB / 17.15GiB   0.02%     12GB / 11.8GB   0B / 4.1kB   12
[2J[HCONTAINER ID   NAME      CPU %     MEM USAGE / LIMIT     MEM %     NET I/O         BLOCK I/O    PIDS
bc0d0ca910c6   gnodeb    207.46%   3.543MiB / 17.15GiB   0.02%     12GB / 11.8GB   0B / 4.1kB   12
[2J[HCONTAINER ID   NAME      CPU %     MEM USAGE / LIMIT     MEM %     NET I/O           BLOCK I/O    PIDS
bc0d0ca910c6   gnodeb    199.17%   3.094MiB / 17.15GiB   0.02%     12.1GB / 11.9GB   0B / 4.1kB   12
[2J[HCONTAINER ID   NAME      CPU %     MEM USAGE / LIMIT     MEM %     NET I/O           BLOCK I/O    PIDS
bc0d0ca910c6   gnodeb    199.17%   3.094MiB / 17.15GiB   0.02%     12.1GB / 11.9GB   0B / 4.1kB   12
[2J[HCONTAINER ID   NAME      CPU %     MEM USAGE / LIMIT     MEM %     NET I/O         BLOCK I/O    PIDS
bc0d0ca910c6   gnodeb    210.88%   3.465MiB / 17.15GiB   0.02%     12.2GB / 12GB   0B / 4.1kB   12
[2J[HCONTAINER ID   NAME      CPU %     MEM USAGE / LIMIT     MEM %     NET I/O         BLOCK I/O    PIDS
bc0d0ca910c6   gnodeb    210.88%   3.465MiB / 17.15GiB   0.02%     12.2GB / 12GB   0B / 4.1kB   12
[2J[HCONTAINER ID   NAME      CPU %     MEM USAGE / LIMIT     MEM %     NET I/O           BLOCK I/O    PIDS
bc0d0ca910c6   gnodeb    215.10%   3.152MiB / 17.15GiB   0.02%     12.3GB / 12.1GB   0B / 4.1kB   12
[2J[HCONTAINER ID   NAME      CPU %     MEM USAGE / LIMIT     MEM %     NET I/O           BLOCK I/O    PIDS
bc0d0ca910c6   gnodeb    215.10%   3.152MiB / 17.15GiB   0.02%     12.3GB / 12.1GB   0B / 4.1kB   12
[2J[HCONTAINER ID   NAME      CPU %     MEM USAGE / LIMIT     MEM %     NET I/O           BLOCK I/O    PIDS
bc0d0ca910c6   gnodeb    208.87%   2.969MiB / 17.15GiB   0.02%     12.4GB / 12.2GB   0B / 4.1kB   12
[2J[HCONTAINER ID   NAME      CPU %     MEM USAGE / LIMIT     MEM %     NET I/O           BLOCK I/O    PIDS
bc0d0ca910c6   gnodeb    208.87%   2.969MiB / 17.15GiB   0.02%     12.4GB / 12.2GB   0B / 4.1kB   12
[2J[HCONTAINER ID   NAME      CPU %     MEM USAGE / LIMIT     MEM %     NET I/O           BLOCK I/O    PIDS
bc0d0ca910c6   gnodeb    208.29%   3.078MiB / 17.15GiB   0.02%     12.5GB / 12.3GB   0B / 4.1kB   12
[2J[HCONTAINER ID   NAME      CPU %     MEM USAGE / LIMIT     MEM %     NET I/O           BLOCK I/O    PIDS
bc0d0ca910c6   gnodeb    208.29%   3.078MiB / 17.15GiB   0.02%     12.5GB / 12.3GB   0B / 4.1kB   12
[2J[HCONTAINER ID   NAME      CPU %     MEM USAGE / LIMIT     MEM %     NET I/O           BLOCK I/O    PIDS
bc0d0ca910c6   gnodeb    209.12%   3.027MiB / 17.15GiB   0.02%     12.6GB / 12.4GB   0B / 4.1kB   12
[2J[HCONTAINER ID   NAME      CPU %     MEM USAGE / LIMIT     MEM %     NET I/O           BLOCK I/O    PIDS
bc0d0ca910c6   gnodeb    209.12%   3.027MiB / 17.15GiB   0.02%     12.6GB / 12.4GB   0B / 4.1kB   12
[2J[HCONTAINER ID   NAME      CPU %     MEM USAGE / LIMIT     MEM %     NET I/O           BLOCK I/O    PIDS
bc0d0ca910c6   gnodeb    203.82%   3.297MiB / 17.15GiB   0.02%     12.7GB / 12.5GB   0B / 4.1kB   12
[2J[HCONTAINER ID   NAME      CPU %     MEM USAGE / LIMIT     MEM %     NET I/O           BLOCK I/O    PIDS
bc0d0ca910c6   gnodeb    203.82%   3.297MiB / 17.15GiB   0.02%     12.7GB / 12.5GB   0B / 4.1kB   12
[2J[HCONTAINER ID   NAME      CPU %     MEM USAGE / LIMIT     MEM %     NET I/O           BLOCK I/O    PIDS
bc0d0ca910c6   gnodeb    211.63%   3.426MiB / 17.15GiB   0.02%     12.8GB / 12.6GB   0B / 4.1kB   12
[2J[HCONTAINER ID   NAME      CPU %     MEM USAGE / LIMIT     MEM %     NET I/O           BLOCK I/O    PIDS
bc0d0ca910c6   gnodeb    211.63%   3.426MiB / 17.15GiB   0.02%     12.8GB / 12.6GB   0B / 4.1kB   12
[2J[HCONTAINER ID   NAME      CPU %     MEM USAGE / LIMIT     MEM %     NET I/O           BLOCK I/O    PIDS
bc0d0ca910c6   gnodeb    214.24%   3.203MiB / 17.15GiB   0.02%     12.9GB / 12.7GB   0B / 4.1kB   12
[2J[HCONTAINER ID   NAME      CPU %     MEM USAGE / LIMIT     MEM %     NET I/O           BLOCK I/O    PIDS
bc0d0ca910c6   gnodeb    214.24%   3.203MiB / 17.15GiB   0.02%     12.9GB / 12.7GB   0B / 4.1kB   12
[2J[HCONTAINER ID   NAME      CPU %     MEM USAGE / LIMIT    MEM %     NET I/O         BLOCK I/O    PIDS
bc0d0ca910c6   gnodeb    209.34%   2.93MiB / 17.15GiB   0.02%     13GB / 12.8GB   0B / 4.1kB   12
[2J[HCONTAINER ID   NAME      CPU %     MEM USAGE / LIMIT    MEM %     NET I/O         BLOCK I/O    PIDS
bc0d0ca910c6   gnodeb    209.34%   2.93MiB / 17.15GiB   0.02%     13GB / 12.8GB   0B / 4.1kB   12
[2J[HCONTAINER ID   NAME      CPU %     MEM USAGE / LIMIT     MEM %     NET I/O           BLOCK I/O    PIDS
bc0d0ca910c6   gnodeb    202.67%   3.816MiB / 17.15GiB   0.02%     13.1GB / 12.9GB   0B / 4.1kB   12
[2J[HCONTAINER ID   NAME      CPU %     MEM USAGE / LIMIT     MEM %     NET I/O           BLOCK I/O    PIDS
bc0d0ca910c6   gnodeb    202.67%   3.816MiB / 17.15GiB   0.02%     13.1GB / 12.9GB   0B / 4.1kB   12
[2J[HCONTAINER ID   NAME      CPU %     MEM USAGE / LIMIT    MEM %     NET I/O         BLOCK I/O    PIDS
bc0d0ca910c6   gnodeb    208.07%   3.41MiB / 17.15GiB   0.02%     13.2GB / 13GB   0B / 4.1kB   12
[2J[HCONTAINER ID   NAME      CPU %     MEM USAGE / LIMIT    MEM %     NET I/O         BLOCK I/O    PIDS
bc0d0ca910c6   gnodeb    208.07%   3.41MiB / 17.15GiB   0.02%     13.2GB / 13GB   0B / 4.1kB   12
[2J[HCONTAINER ID   NAME      CPU %     MEM USAGE / LIMIT     MEM %     NET I/O           BLOCK I/O    PIDS
bc0d0ca910c6   gnodeb    202.73%   3.145MiB / 17.15GiB   0.02%     13.3GB / 13.1GB   0B / 4.1kB   12
[2J[HCONTAINER ID   NAME      CPU %     MEM USAGE / LIMIT     MEM %     NET I/O           BLOCK I/O    PIDS
bc0d0ca910c6   gnodeb    202.73%   3.145MiB / 17.15GiB   0.02%     13.3GB / 13.1GB   0B / 4.1kB   12
[2J[HCONTAINER ID   NAME      CPU %     MEM USAGE / LIMIT     MEM %     NET I/O           BLOCK I/O    PIDS
bc0d0ca910c6   gnodeb    209.34%   3.422MiB / 17.15GiB   0.02%     13.4GB / 13.2GB   0B / 4.1kB   12
[2J[HCONTAINER ID   NAME      CPU %     MEM USAGE / LIMIT     MEM %     NET I/O           BLOCK I/O    PIDS
bc0d0ca910c6   gnodeb    209.34%   3.422MiB / 17.15GiB   0.02%     13.4GB / 13.2GB   0B / 4.1kB   12
[2J[HCONTAINER ID   NAME      CPU %     MEM USAGE / LIMIT     MEM %     NET I/O           BLOCK I/O    PIDS
bc0d0ca910c6   gnodeb    206.43%   3.531MiB / 17.15GiB   0.02%     13.5GB / 13.3GB   0B / 4.1kB   12
[2J[HCONTAINER ID   NAME      CPU %     MEM USAGE / LIMIT     MEM %     NET I/O           BLOCK I/O    PIDS
bc0d0ca910c6   gnodeb    206.43%   3.531MiB / 17.15GiB   0.02%     13.5GB / 13.3GB   0B / 4.1kB   12
[2J[HCONTAINER ID   NAME      CPU %     MEM USAGE / LIMIT     MEM %     NET I/O           BLOCK I/O    PIDS
bc0d0ca910c6   gnodeb    204.98%   3.176MiB / 17.15GiB   0.02%     13.6GB / 13.4GB   0B / 4.1kB   12
[2J[HCONTAINER ID   NAME      CPU %     MEM USAGE / LIMIT     MEM %     NET I/O           BLOCK I/O    PIDS
bc0d0ca910c6   gnodeb    204.98%   3.176MiB / 17.15GiB   0.02%     13.6GB / 13.4GB   0B / 4.1kB   12
[2J[HCONTAINER ID   NAME      CPU %     MEM USAGE / LIMIT     MEM %     NET I/O           BLOCK I/O    PIDS
bc0d0ca910c6   gnodeb    213.70%   3.484MiB / 17.15GiB   0.02%     13.7GB / 13.5GB   0B / 4.1kB   12
[2J[HCONTAINER ID   NAME      CPU %     MEM USAGE / LIMIT     MEM %     NET I/O           BLOCK I/O    PIDS
bc0d0ca910c6   gnodeb    213.70%   3.484MiB / 17.15GiB   0.02%     13.7GB / 13.5GB   0B / 4.1kB   12
[2J[HCONTAINER ID   NAME      CPU %     MEM USAGE / LIMIT     MEM %     NET I/O           BLOCK I/O    PIDS
bc0d0ca910c6   gnodeb    205.23%   3.477MiB / 17.15GiB   0.02%     13.8GB / 13.5GB   0B / 4.1kB   12
[2J[HCONTAINER ID   NAME      CPU %     MEM USAGE / LIMIT     MEM %     NET I/O           BLOCK I/O    PIDS
bc0d0ca910c6   gnodeb    205.23%   3.477MiB / 17.15GiB   0.02%     13.8GB / 13.5GB   0B / 4.1kB   12
[2J[HCONTAINER ID   NAME      CPU %     MEM USAGE / LIMIT     MEM %     NET I/O           BLOCK I/O    PIDS
bc0d0ca910c6   gnodeb    209.01%   3.379MiB / 17.15GiB   0.02%     13.9GB / 13.6GB   0B / 4.1kB   12
[2J[HCONTAINER ID   NAME      CPU %     MEM USAGE / LIMIT     MEM %     NET I/O           BLOCK I/O    PIDS
bc0d0ca910c6   gnodeb    209.01%   3.379MiB / 17.15GiB   0.02%     13.9GB / 13.6GB   0B / 4.1kB   12
[2J[HCONTAINER ID   NAME      CPU %     MEM USAGE / LIMIT     MEM %     NET I/O           BLOCK I/O    PIDS
bc0d0ca910c6   gnodeb    209.01%   3.379MiB / 17.15GiB   0.02%     13.9GB / 13.6GB   0B / 4.1kB   12
[2J[HCONTAINER ID   NAME      CPU %     MEM USAGE / LIMIT     MEM %     NET I/O         BLOCK I/O    PIDS
bc0d0ca910c6   gnodeb    200.18%   3.516MiB / 17.15GiB   0.02%     14GB / 13.7GB   0B / 4.1kB   12
[2J[HCONTAINER ID   NAME      CPU %     MEM USAGE / LIMIT     MEM %     NET I/O         BLOCK I/O    PIDS
bc0d0ca910c6   gnodeb    200.18%   3.516MiB / 17.15GiB   0.02%     14GB / 13.7GB   0B / 4.1kB   12
[2J[HCONTAINER ID   NAME      CPU %     MEM USAGE / LIMIT     MEM %     NET I/O           BLOCK I/O    PIDS
bc0d0ca910c6   gnodeb    208.84%   3.355MiB / 17.15GiB   0.02%     14.1GB / 13.8GB   0B / 4.1kB   12
[2J[HCONTAINER ID   NAME      CPU %     MEM USAGE / LIMIT     MEM %     NET I/O           BLOCK I/O    PIDS
bc0d0ca910c6   gnodeb    208.84%   3.355MiB / 17.15GiB   0.02%     14.1GB / 13.8GB   0B / 4.1kB   12
[2J[HCONTAINER ID   NAME      CPU %     MEM USAGE / LIMIT     MEM %     NET I/O           BLOCK I/O    PIDS
bc0d0ca910c6   gnodeb    214.49%   3.527MiB / 17.15GiB   0.02%     14.2GB / 13.9GB   0B / 4.1kB   12
[2J[HCONTAINER ID   NAME      CPU %     MEM USAGE / LIMIT     MEM %     NET I/O           BLOCK I/O    PIDS
bc0d0ca910c6   gnodeb    214.49%   3.527MiB / 17.15GiB   0.02%     14.2GB / 13.9GB   0B / 4.1kB   12
[2J[HCONTAINER ID   NAME      CPU %     MEM USAGE / LIMIT     MEM %     NET I/O         BLOCK I/O    PIDS
bc0d0ca910c6   gnodeb    199.51%   3.211MiB / 17.15GiB   0.02%     14.3GB / 14GB   0B / 4.1kB   12
[2J[HCONTAINER ID   NAME      CPU %     MEM USAGE / LIMIT     MEM %     NET I/O         BLOCK I/O    PIDS
bc0d0ca910c6   gnodeb    199.51%   3.211MiB / 17.15GiB   0.02%     14.3GB / 14GB   0B / 4.1kB   12
[2J[HCONTAINER ID   NAME      CPU %     MEM USAGE / LIMIT     MEM %     NET I/O           BLOCK I/O    PIDS
bc0d0ca910c6   gnodeb    211.14%   2.957MiB / 17.15GiB   0.02%     14.4GB / 14.1GB   0B / 4.1kB   12
[2J[HCONTAINER ID   NAME      CPU %     MEM USAGE / LIMIT     MEM %     NET I/O           BLOCK I/O    PIDS
bc0d0ca910c6   gnodeb    211.14%   2.957MiB / 17.15GiB   0.02%     14.4GB / 14.1GB   0B / 4.1kB   12
[2J[HCONTAINER ID   NAME      CPU %     MEM USAGE / LIMIT     MEM %     NET I/O           BLOCK I/O    PIDS
bc0d0ca910c6   gnodeb    204.09%   3.121MiB / 17.15GiB   0.02%     14.5GB / 14.2GB   0B / 4.1kB   12
[2J[HCONTAINER ID   NAME      CPU %     MEM USAGE / LIMIT     MEM %     NET I/O           BLOCK I/O    PIDS
bc0d0ca910c6   gnodeb    204.09%   3.121MiB / 17.15GiB   0.02%     14.5GB / 14.2GB   0B / 4.1kB   12
[2J[HCONTAINER ID   NAME      CPU %     MEM USAGE / LIMIT     MEM %     NET I/O           BLOCK I/O    PIDS
bc0d0ca910c6   gnodeb    208.25%   3.211MiB / 17.15GiB   0.02%     14.6GB / 14.3GB   0B / 4.1kB   12
[2J[HCONTAINER ID   NAME      CPU %     MEM USAGE / LIMIT     MEM %     NET I/O           BLOCK I/O    PIDS
bc0d0ca910c6   gnodeb    208.25%   3.211MiB / 17.15GiB   0.02%     14.6GB / 14.3GB   0B / 4.1kB   12
[2J[HCONTAINER ID   NAME      CPU %     MEM USAGE / LIMIT     MEM %     NET I/O           BLOCK I/O    PIDS
bc0d0ca910c6   gnodeb    217.74%   3.035MiB / 17.15GiB   0.02%     14.7GB / 14.4GB   0B / 4.1kB   12
[2J[HCONTAINER ID   NAME      CPU %     MEM USAGE / LIMIT     MEM %     NET I/O           BLOCK I/O    PIDS
bc0d0ca910c6   gnodeb    217.74%   3.035MiB / 17.15GiB   0.02%     14.7GB / 14.4GB   0B / 4.1kB   12
[2J[HCONTAINER ID   NAME      CPU %     MEM USAGE / LIMIT     MEM %     NET I/O           BLOCK I/O    PIDS
bc0d0ca910c6   gnodeb    208.16%   3.113MiB / 17.15GiB   0.02%     14.8GB / 14.5GB   0B / 4.1kB   12
[2J[HCONTAINER ID   NAME      CPU %     MEM USAGE / LIMIT     MEM %     NET I/O           BLOCK I/O    PIDS
bc0d0ca910c6   gnodeb    208.16%   3.113MiB / 17.15GiB   0.02%     14.8GB / 14.5GB   0B / 4.1kB   12
[2J[HCONTAINER ID   NAME      CPU %     MEM USAGE / LIMIT     MEM %     NET I/O           BLOCK I/O    PIDS
bc0d0ca910c6   gnodeb    210.50%   3.352MiB / 17.15GiB   0.02%     14.9GB / 14.6GB   0B / 4.1kB   12
[2J[HCONTAINER ID   NAME      CPU %     MEM USAGE / LIMIT     MEM %     NET I/O           BLOCK I/O    PIDS
bc0d0ca910c6   gnodeb    210.50%   3.352MiB / 17.15GiB   0.02%     14.9GB / 14.6GB   0B / 4.1kB   12
[2J[HCONTAINER ID   NAME      CPU %     MEM USAGE / LIMIT     MEM %     NET I/O         BLOCK I/O    PIDS
bc0d0ca910c6   gnodeb    210.67%   2.969MiB / 17.15GiB   0.02%     15GB / 14.7GB   0B / 4.1kB   12
[2J[HCONTAINER ID   NAME      CPU %     MEM USAGE / LIMIT     MEM %     NET I/O         BLOCK I/O    PIDS
bc0d0ca910c6   gnodeb    210.67%   2.969MiB / 17.15GiB   0.02%     15GB / 14.7GB   0B / 4.1kB   12
[2J[HCONTAINER ID   NAME      CPU %     MEM USAGE / LIMIT     MEM %     NET I/O           BLOCK I/O    PIDS
bc0d0ca910c6   gnodeb    172.12%   2.582MiB / 17.15GiB   0.01%     15.1GB / 14.8GB   0B / 4.1kB   12
[2J[HCONTAINER ID   NAME      CPU %     MEM USAGE / LIMIT     MEM %     NET I/O           BLOCK I/O    PIDS
bc0d0ca910c6   gnodeb    172.12%   2.582MiB / 17.15GiB   0.01%     15.1GB / 14.8GB   0B / 4.1kB   12
[2J[HCONTAINER ID   NAME      CPU %     MEM USAGE / LIMIT     MEM %     NET I/O           BLOCK I/O    PIDS
bc0d0ca910c6   gnodeb    0.20%     2.582MiB / 17.15GiB   0.01%     15.1GB / 14.8GB   0B / 4.1kB   12
[2J[HCONTAINER ID   NAME      CPU %     MEM USAGE / LIMIT     MEM %     NET I/O           BLOCK I/O    PIDS
bc0d0ca910c6   gnodeb    0.20%     2.582MiB / 17.15GiB   0.01%     15.1GB / 14.8GB   0B / 4.1kB   12
[2J[HCONTAINER ID   NAME      CPU %     MEM USAGE / LIMIT     MEM %     NET I/O           BLOCK I/O    PIDS
bc0d0ca910c6   gnodeb    0.13%     2.582MiB / 17.15GiB   0.01%     15.1GB / 14.8GB   0B / 4.1kB   12
[2J[HCONTAINER ID   NAME      CPU %     MEM USAGE / LIMIT     MEM %     NET I/O           BLOCK I/O    PIDS
bc0d0ca910c6   gnodeb    0.13%     2.582MiB / 17.15GiB   0.01%     15.1GB / 14.8GB   0B / 4.1kB   12
[2J[HCONTAINER ID   NAME      CPU %     MEM USAGE / LIMIT     MEM %     NET I/O           BLOCK I/O    PIDS
bc0d0ca910c6   gnodeb    0.15%     2.582MiB / 17.15GiB   0.01%     15.1GB / 14.8GB   0B / 4.1kB   12
[2J[HCONTAINER ID   NAME      CPU %     MEM USAGE / LIMIT     MEM %     NET I/O           BLOCK I/O    PIDS
bc0d0ca910c6   gnodeb    0.15%     2.582MiB / 17.15GiB   0.01%     15.1GB / 14.8GB   0B / 4.1kB   12
[2J[HCONTAINER ID   NAME      CPU %     MEM USAGE / LIMIT     MEM %     NET I/O           BLOCK I/O    PIDS
bc0d0ca910c6   gnodeb    0.17%     2.582MiB / 17.15GiB   0.01%     15.1GB / 14.8GB   0B / 4.1kB   12
[2J[HCONTAINER ID   NAME      CPU %     MEM USAGE / LIMIT     MEM %     NET I/O           BLOCK I/O    PIDS
bc0d0ca910c6   gnodeb    0.17%     2.582MiB / 17.15GiB   0.01%     15.1GB / 14.8GB   0B / 4.1kB   12
[2J[HCONTAINER ID   NAME      CPU %     MEM USAGE / LIMIT     MEM %     NET I/O           BLOCK I/O    PIDS
bc0d0ca910c6   gnodeb    0.16%     2.582MiB / 17.15GiB   0.01%     15.1GB / 14.8GB   0B / 4.1kB   12
[2J[HCONTAINER ID   NAME      CPU %     MEM USAGE / LIMIT     MEM %     NET I/O           BLOCK I/O    PIDS
bc0d0ca910c6   gnodeb    0.16%     2.582MiB / 17.15GiB   0.01%     15.1GB / 14.8GB   0B / 4.1kB   12
[2J[HCONTAINER ID   NAME      CPU %     MEM USAGE / LIMIT     MEM %     NET I/O           BLOCK I/O    PIDS
bc0d0ca910c6   gnodeb    0.16%     2.582MiB / 17.15GiB   0.01%     15.1GB / 14.8GB   0B / 4.1kB   12
[2J[HCONTAINER ID   NAME      CPU %     MEM USAGE / LIMIT     MEM %     NET I/O           BLOCK I/O    PIDS
bc0d0ca910c6   gnodeb    0.16%     2.582MiB / 17.15GiB   0.01%     15.1GB / 14.8GB   0B / 4.1kB   12
[2J[HCONTAINER ID   NAME      CPU %     MEM USAGE / LIMIT     MEM %     NET I/O           BLOCK I/O    PIDS
bc0d0ca910c6   gnodeb    0.18%     2.582MiB / 17.15GiB   0.01%     15.1GB / 14.8GB   0B / 4.1kB   12
[2J[HCONTAINER ID   NAME      CPU %     MEM USAGE / LIMIT     MEM %     NET I/O           BLOCK I/O    PIDS
bc0d0ca910c6   gnodeb    0.18%     2.582MiB / 17.15GiB   0.01%     15.1GB / 14.8GB   0B / 4.1kB   12
[2J[HCONTAINER ID   NAME      CPU %     MEM USAGE / LIMIT     MEM %     NET I/O           BLOCK I/O    PIDS
bc0d0ca910c6   gnodeb    0.14%     2.582MiB / 17.15GiB   0.01%     15.1GB / 14.8GB   0B / 4.1kB   12
[2J[HCONTAINER ID   NAME      CPU %     MEM USAGE / LIMIT     MEM %     NET I/O           BLOCK I/O    PIDS
bc0d0ca910c6   gnodeb    0.14%     2.582MiB / 17.15GiB   0.01%     15.1GB / 14.8GB   0B / 4.1kB   12
[2J[HCONTAINER ID   NAME      CPU %     MEM USAGE / LIMIT     MEM %     NET I/O           BLOCK I/O    PIDS
bc0d0ca910c6   gnodeb    0.25%     2.582MiB / 17.15GiB   0.01%     15.1GB / 14.8GB   0B / 4.1kB   12
[2J[HCONTAINER ID   NAME      CPU %     MEM USAGE / LIMIT     MEM %     NET I/O           BLOCK I/O    PIDS
bc0d0ca910c6   gnodeb    0.25%     2.582MiB / 17.15GiB   0.01%     15.1GB / 14.8GB   0B / 4.1kB   12
[2J[HCONTAINER ID   NAME      CPU %     MEM USAGE / LIMIT     MEM %     NET I/O           BLOCK I/O    PIDS
bc0d0ca910c6   gnodeb    0.14%     2.582MiB / 17.15GiB   0.01%     15.1GB / 14.8GB   0B / 4.1kB   12
[2J[HCONTAINER ID   NAME      CPU %     MEM USAGE / LIMIT     MEM %     NET I/O           BLOCK I/O    PIDS
bc0d0ca910c6   gnodeb    0.14%     2.582MiB / 17.15GiB   0.01%     15.1GB / 14.8GB   0B / 4.1kB   12
[2J[HCONTAINER ID   NAME      CPU %     MEM USAGE / LIMIT     MEM %     NET I/O           BLOCK I/O    PIDS
bc0d0ca910c6   gnodeb    0.16%     2.582MiB / 17.15GiB   0.01%     15.1GB / 14.8GB   0B / 4.1kB   12
[2J[HCONTAINER ID   NAME      CPU %     MEM USAGE / LIMIT     MEM %     NET I/O           BLOCK I/O    PIDS
bc0d0ca910c6   gnodeb    0.16%     2.582MiB / 17.15GiB   0.01%     15.1GB / 14.8GB   0B / 4.1kB   12
[2J[HCONTAINER ID   NAME      CPU %     MEM USAGE / LIMIT     MEM %     NET I/O           BLOCK I/O    PIDS
bc0d0ca910c6   gnodeb    0.15%     2.582MiB / 17.15GiB   0.01%     15.1GB / 14.8GB   0B / 4.1kB   12
[2J[HCONTAINER ID   NAME      CPU %     MEM USAGE / LIMIT     MEM %     NET I/O           BLOCK I/O    PIDS
bc0d0ca910c6   gnodeb    0.15%     2.582MiB / 17.15GiB   0.01%     15.1GB / 14.8GB   0B / 4.1kB   12
[2J[HCONTAINER ID   NAME      CPU %     MEM USAGE / LIMIT     MEM %     NET I/O           BLOCK I/O    PIDS
bc0d0ca910c6   gnodeb    0.12%     2.582MiB / 17.15GiB   0.01%     15.1GB / 14.8GB   0B / 4.1kB   12
[2J[HCONTAINER ID   NAME      CPU %     MEM USAGE / LIMIT     MEM %     NET I/O           BLOCK I/O    PIDS
bc0d0ca910c6   gnodeb    0.12%     2.582MiB / 17.15GiB   0.01%     15.1GB / 14.8GB   0B / 4.1kB   12
[2J[HCONTAINER ID   NAME      CPU %     MEM USAGE / LIMIT     MEM %     NET I/O           BLOCK I/O    PIDS
bc0d0ca910c6   gnodeb    0.16%     2.582MiB / 17.15GiB   0.01%     15.1GB / 14.8GB   0B / 4.1kB   12
[2J[HCONTAINER ID   NAME      CPU %     MEM USAGE / LIMIT     MEM %     NET I/O           BLOCK I/O    PIDS
bc0d0ca910c6   gnodeb    0.16%     2.582MiB / 17.15GiB   0.01%     15.1GB / 14.8GB   0B / 4.1kB   12
[2J[HCONTAINER ID   NAME      CPU %     MEM USAGE / LIMIT     MEM %     NET I/O           BLOCK I/O    PIDS
bc0d0ca910c6   gnodeb    0.13%     2.582MiB / 17.15GiB   0.01%     15.1GB / 14.8GB   0B / 4.1kB   12
[2J[HCONTAINER ID   NAME      CPU %     MEM USAGE / LIMIT     MEM %     NET I/O           BLOCK I/O    PIDS
bc0d0ca910c6   gnodeb    0.13%     2.582MiB / 17.15GiB   0.01%     15.1GB / 14.8GB   0B / 4.1kB   12
[2J[HCONTAINER ID   NAME      CPU %     MEM USAGE / LIMIT     MEM %     NET I/O           BLOCK I/O    PIDS
bc0d0ca910c6   gnodeb    0.14%     2.582MiB / 17.15GiB   0.01%     15.1GB / 14.8GB   0B / 4.1kB   12
[2J[HCONTAINER ID   NAME      CPU %     MEM USAGE / LIMIT     MEM %     NET I/O           BLOCK I/O    PIDS
bc0d0ca910c6   gnodeb    0.14%     2.582MiB / 17.15GiB   0.01%     15.1GB / 14.8GB   0B / 4.1kB   12
[2J[HCONTAINER ID   NAME      CPU %     MEM USAGE / LIMIT     MEM %     NET I/O           BLOCK I/O    PIDS
bc0d0ca910c6   gnodeb    0.14%     2.582MiB / 17.15GiB   0.01%     15.1GB / 14.8GB   0B / 4.1kB   12
[2J[HCONTAINER ID   NAME      CPU %     MEM USAGE / LIMIT     MEM %     NET I/O           BLOCK I/O    PIDS
bc0d0ca910c6   gnodeb    0.14%     2.582MiB / 17.15GiB   0.01%     15.1GB / 14.8GB   0B / 4.1kB   12
[2J[HCONTAINER ID   NAME      CPU %     MEM USAGE / LIMIT     MEM %     NET I/O           BLOCK I/O    PIDS
bc0d0ca910c6   gnodeb    0.15%     2.582MiB / 17.15GiB   0.01%     15.1GB / 14.8GB   0B / 4.1kB   12
[2J[HCONTAINER ID   NAME      CPU %     MEM USAGE / LIMIT     MEM %     NET I/O           BLOCK I/O    PIDS
bc0d0ca910c6   gnodeb    0.15%     2.582MiB / 17.15GiB   0.01%     15.1GB / 14.8GB   0B / 4.1kB   12
[2J[HCONTAINER ID   NAME      CPU %     MEM USAGE / LIMIT     MEM %     NET I/O           BLOCK I/O    PIDS
bc0d0ca910c6   gnodeb    0.25%     2.582MiB / 17.15GiB   0.01%     15.1GB / 14.8GB   0B / 4.1kB   12
